2024-05-01 19:51:02.054 [info] Log level: Info
2024-05-01 19:51:02.054 [info] Validating found git in: "git"
2024-05-01 19:51:02.054 [info] Using git "2.30.2" from "git"
2024-05-01 19:51:02.054 [info] > git rev-parse --show-toplevel [93ms]
2024-05-01 19:51:02.054 [info] fatal: not a git repository (or any of the parent directories): .git
2024-05-01 19:51:02.055 [info] > git rev-parse --show-toplevel [11ms]
2024-05-01 19:51:02.055 [info] fatal: not a git repository (or any of the parent directories): .git
2024-05-01 19:51:02.093 [info] > git rev-parse --show-toplevel [7ms]
2024-05-01 19:51:02.093 [info] fatal: not a git repository (or any of the parent directories): .git
2024-05-01 19:51:02.130 [info] > git rev-parse --show-toplevel [11ms]
2024-05-01 19:51:02.130 [info] fatal: not a git repository (or any of the parent directories): .git
2024-05-01 19:51:02.164 [info] > git rev-parse --show-toplevel [11ms]
2024-05-01 19:51:02.164 [info] fatal: not a git repository (or any of the parent directories): .git
2024-05-01 19:51:02.195 [info] > git rev-parse --show-toplevel [8ms]
2024-05-01 19:51:02.196 [info] fatal: not a git repository (or any of the parent directories): .git
2024-05-01 19:51:02.228 [info] > git rev-parse --show-toplevel [8ms]
2024-05-01 19:51:02.229 [info] fatal: not a git repository (or any of the parent directories): .git
2024-05-01 19:51:02.264 [info] > git rev-parse --show-toplevel [11ms]
2024-05-01 19:51:02.264 [info] fatal: not a git repository (or any of the parent directories): .git
2024-05-01 19:51:02.305 [info] > git rev-parse --show-toplevel [13ms]
2024-05-01 19:51:02.345 [info] > git rev-parse --git-dir --git-common-dir [9ms]
2024-05-01 19:51:02.511 [info] Open repository: /home/pi/hx711
2024-05-01 19:51:02.676 [info] > git config --get commit.template [102ms]
2024-05-01 19:51:02.695 [info] > git rev-parse --show-toplevel [96ms]
2024-05-01 19:51:02.695 [info] fatal: not a git repository (or any of the parent directories): .git
2024-05-01 19:51:02.776 [info] > git for-each-ref --format=%(refname)%00%(upstream:short)%00%(objectname)%00%(upstream:track)%00%(upstream:remotename)%00%(upstream:remoteref) refs/heads/master refs/remotes/master [17ms]
2024-05-01 19:51:02.803 [warning] ENOENT: no such file or directory, open '/home/pi/hx711/.git/refs/remotes/origin/master'
2024-05-01 19:51:02.811 [info] > git rev-parse refs/remotes/origin/master [9ms]
2024-05-01 19:51:03.014 [info] > git status -z -uall [165ms]
2024-05-01 19:51:03.164 [info] > git merge-base refs/heads/master refs/remotes/origin/master [105ms]
2024-05-01 19:51:03.261 [info] > git check-ignore -v -z --stdin [22ms]
2024-05-01 19:51:03.269 [info] > git rev-list --count --left-right refs/heads/master...refs/remotes/origin/master [62ms]
2024-05-01 19:51:03.311 [info] > git config --get commit.template [149ms]
2024-05-01 19:51:03.353 [info] > git diff --name-status -z --diff-filter=ADMR ed1da427e61d371b69ccad29f7b816243cd7299d...refs/remotes/origin/master [47ms]
2024-05-01 19:51:03.369 [info] > git for-each-ref --format=%(refname)%00%(upstream:short)%00%(objectname)%00%(upstream:track)%00%(upstream:remotename)%00%(upstream:remoteref) refs/heads/master refs/remotes/master [23ms]
2024-05-01 19:51:03.394 [warning] ENOENT: no such file or directory, open '/home/pi/hx711/.git/refs/remotes/origin/master'
2024-05-01 19:51:03.403 [info] > git rev-parse refs/remotes/origin/master [9ms]
2024-05-01 19:51:03.482 [info] > git status -z -uall [55ms]
2024-05-01 19:51:04.222 [info] > git fetch [1715ms]
2024-05-01 19:51:04.282 [info] > git config --get commit.template [30ms]
2024-05-01 19:51:04.290 [info] > git for-each-ref --format=%(refname)%00%(upstream:short)%00%(objectname)%00%(upstream:track)%00%(upstream:remotename)%00%(upstream:remoteref) refs/heads/master refs/remotes/master [14ms]
2024-05-01 19:51:04.316 [warning] ENOENT: no such file or directory, open '/home/pi/hx711/.git/refs/remotes/origin/master'
2024-05-01 19:51:04.328 [info] > git rev-parse refs/remotes/origin/master [12ms]
2024-05-01 19:51:04.410 [info] > git status -z -uall [58ms]
2024-05-01 19:51:14.647 [info] > git rev-parse --show-toplevel [1132ms]
2024-05-01 19:51:14.649 [info] fatal: not a git repository (or any of the parent directories): .git
2024-05-01 19:51:20.375 [info] > git rev-parse --show-toplevel [128ms]
2024-05-01 19:51:20.378 [info] fatal: not a git repository (or any of the parent directories): .git
2024-05-01 19:51:26.010 [info] > git rev-parse --show-toplevel [25ms]
2024-05-01 19:51:26.011 [info] fatal: not a git repository (or any of the parent directories): .git
2024-05-01 19:51:29.382 [info] > git rev-parse --show-toplevel [13ms]
2024-05-01 19:51:29.384 [info] fatal: not a git repository (or any of the parent directories): .git
2024-05-01 19:51:42.400 [info] > git rev-parse --show-toplevel [42ms]
2024-05-01 19:51:42.402 [info] fatal: not a git repository (or any of the parent directories): .git
2024-05-01 19:56:33.977 [info] > git fetch [1135ms]
2024-05-01 19:56:34.044 [info] > git config --get commit.template [20ms]
2024-05-01 19:56:34.099 [info] > git for-each-ref --format=%(refname)%00%(upstream:short)%00%(objectname)%00%(upstream:track)%00%(upstream:remotename)%00%(upstream:remoteref) refs/heads/master refs/remotes/master [13ms]
2024-05-01 19:56:34.136 [warning] ENOENT: no such file or directory, open '/home/pi/hx711/.git/refs/remotes/origin/master'
2024-05-01 19:56:34.144 [info] > git rev-parse refs/remotes/origin/master [8ms]
2024-05-01 19:56:34.233 [info] > git status -z -uall [53ms]
2024-05-01 19:59:35.773 [info] > git fetch [1298ms]
2024-05-01 19:59:35.874 [info] > git config --get commit.template [51ms]
2024-05-01 19:59:35.878 [info] > git for-each-ref --format=%(refname)%00%(upstream:short)%00%(objectname)%00%(upstream:track)%00%(upstream:remotename)%00%(upstream:remoteref) refs/heads/master refs/remotes/master [13ms]
2024-05-01 19:59:35.921 [warning] ENOENT: no such file or directory, open '/home/pi/hx711/.git/refs/remotes/origin/master'
2024-05-01 19:59:35.932 [info] > git rev-parse refs/remotes/origin/master [11ms]
2024-05-01 19:59:36.030 [info] > git status -z -uall [56ms]
2024-05-01 20:01:41.171 [info] > git rev-parse --show-toplevel [49ms]
2024-05-01 20:01:41.172 [info] fatal: not a git repository (or any of the parent directories): .git
2024-05-01 20:02:58.740 [info] > git rev-parse --show-toplevel [22ms]
2024-05-01 20:02:58.742 [info] fatal: not a git repository (or any of the parent directories): .git
2024-05-01 20:02:58.763 [info] > git fetch [1111ms]
2024-05-01 20:02:58.836 [info] > git config --get commit.template [14ms]
2024-05-01 20:02:58.935 [info] > git for-each-ref --format=%(refname)%00%(upstream:short)%00%(objectname)%00%(upstream:track)%00%(upstream:remotename)%00%(upstream:remoteref) refs/heads/master refs/remotes/master [59ms]
2024-05-01 20:02:58.976 [warning] ENOENT: no such file or directory, open '/home/pi/hx711/.git/refs/remotes/origin/master'
2024-05-01 20:02:58.993 [info] > git rev-parse refs/remotes/origin/master [17ms]
2024-05-01 20:02:59.098 [info] > git status -z -uall [63ms]
2024-05-01 20:06:04.670 [info] > git fetch [1135ms]
2024-05-01 20:06:04.766 [info] > git config --get commit.template [46ms]
2024-05-01 20:06:04.769 [info] > git for-each-ref --format=%(refname)%00%(upstream:short)%00%(objectname)%00%(upstream:track)%00%(upstream:remotename)%00%(upstream:remoteref) refs/heads/master refs/remotes/master [12ms]
2024-05-01 20:06:04.811 [warning] ENOENT: no such file or directory, open '/home/pi/hx711/.git/refs/remotes/origin/master'
2024-05-01 20:06:04.821 [info] > git rev-parse refs/remotes/origin/master [10ms]
2024-05-01 20:06:04.913 [info] > git status -z -uall [52ms]
2024-05-01 20:07:09.580 [info] > git rev-parse --show-toplevel [21ms]
2024-05-01 20:07:09.580 [info] fatal: not a git repository (or any of the parent directories): .git
2024-05-01 20:07:11.467 [info] > git rev-parse --show-toplevel [17ms]
2024-05-01 20:07:11.469 [info] fatal: not a git repository (or any of the parent directories): .git
2024-05-01 20:08:28.847 [info] > git rev-parse --show-toplevel [114ms]
2024-05-01 20:08:28.847 [info] fatal: not a git repository (or any of the parent directories): .git
2024-05-01 20:08:43.893 [info] > git rev-parse --show-toplevel [24ms]
2024-05-01 20:08:43.894 [info] fatal: not a git repository (or any of the parent directories): .git
2024-05-01 20:08:52.045 [info] > git rev-parse --show-toplevel [113ms]
2024-05-01 20:08:52.047 [info] fatal: not a git repository (or any of the parent directories): .git
2024-05-01 20:09:06.069 [info] > git fetch [1096ms]
2024-05-01 20:09:06.172 [info] > git config --get commit.template [51ms]
2024-05-01 20:09:06.176 [info] > git for-each-ref --format=%(refname)%00%(upstream:short)%00%(objectname)%00%(upstream:track)%00%(upstream:remotename)%00%(upstream:remoteref) refs/heads/master refs/remotes/master [11ms]
2024-05-01 20:09:06.222 [warning] ENOENT: no such file or directory, open '/home/pi/hx711/.git/refs/remotes/origin/master'
2024-05-01 20:09:06.233 [info] > git rev-parse refs/remotes/origin/master [11ms]
2024-05-01 20:09:06.330 [info] > git status -z -uall [52ms]
2024-05-01 20:09:22.787 [info] > git rev-parse --show-toplevel [25ms]
2024-05-01 20:09:22.787 [info] fatal: not a git repository (or any of the parent directories): .git
2024-05-01 20:12:07.471 [info] > git fetch [1080ms]
2024-05-01 20:12:07.566 [info] > git config --get commit.template [49ms]
2024-05-01 20:12:07.569 [info] > git for-each-ref --format=%(refname)%00%(upstream:short)%00%(objectname)%00%(upstream:track)%00%(upstream:remotename)%00%(upstream:remoteref) refs/heads/master refs/remotes/master [16ms]
2024-05-01 20:12:07.607 [warning] ENOENT: no such file or directory, open '/home/pi/hx711/.git/refs/remotes/origin/master'
2024-05-01 20:12:07.615 [info] > git rev-parse refs/remotes/origin/master [7ms]
2024-05-01 20:12:07.705 [info] > git status -z -uall [52ms]
2024-05-01 20:15:08.934 [info] > git fetch [1176ms]
2024-05-01 20:15:09.030 [info] > git config --get commit.template [48ms]
2024-05-01 20:15:09.034 [info] > git for-each-ref --format=%(refname)%00%(upstream:short)%00%(objectname)%00%(upstream:track)%00%(upstream:remotename)%00%(upstream:remoteref) refs/heads/master refs/remotes/master [17ms]
2024-05-01 20:15:09.071 [warning] ENOENT: no such file or directory, open '/home/pi/hx711/.git/refs/remotes/origin/master'
2024-05-01 20:15:09.079 [info] > git rev-parse refs/remotes/origin/master [8ms]
2024-05-01 20:15:09.169 [info] > git status -z -uall [53ms]
