2024-04-18 18:45:14.936 [info] Extension host with pid 1014 started
2024-04-18 18:45:15.158 [info] ExtensionService#_doActivateExtension vscode.json-language-features, startup: false, activationEvent: 'onLanguage:jsonc'
2024-04-18 18:45:15.172 [info] ExtensionService#_doActivateExtension vscode.typescript-language-features, startup: false, activationEvent: 'onLanguage:jsonc'
2024-04-18 18:45:15.233 [info] ExtensionService#_doActivateExtension vscode.emmet, startup: false, activationEvent: 'onLanguage'
2024-04-18 18:45:17.311 [info] ExtensionService#_doActivateExtension vscode.git-base, startup: true, activationEvent: '*', root cause: vscode.git
2024-04-18 18:45:17.404 [info] Lock '/home/pi/.vscode-server/data/User/workspaceStorage/f4d3196990e2117b547ba276ae945c6c/vscode.lock': Lock acquired.
2024-04-18 18:45:19.303 [info] ExtensionService#_doActivateExtension vscode.git, startup: true, activationEvent: '*'
2024-04-18 18:45:19.309 [info] ExtensionService#_doActivateExtension vscode.github, startup: true, activationEvent: '*'
2024-04-18 18:45:22.036 [info] Eager extensions activated
2024-04-18 18:45:22.039 [info] ExtensionService#_doActivateExtension vscode.debug-auto-launch, startup: false, activationEvent: 'onStartupFinished'
2024-04-18 18:45:22.045 [info] ExtensionService#_doActivateExtension vscode.merge-conflict, startup: false, activationEvent: 'onStartupFinished'
2024-04-18 18:45:26.080 [error] Error: Failed to execute git
	at ChildProcess.a (/home/pi/.vscode-server/cli/servers/Stable-e170252f762678dec6ca2cc69aba1570769a5d39/server/extensions/git/dist/main.js:2:927199)
	at ChildProcess.emit (node:events:517:28)
	at maybeClose (node:internal/child_process:1098:16)
	at ChildProcess._handle.onexit (node:internal/child_process:303:5)
2024-04-18 18:45:26.100 [error] Error: Failed to execute git
	at ChildProcess.a (/home/pi/.vscode-server/cli/servers/Stable-e170252f762678dec6ca2cc69aba1570769a5d39/server/extensions/git/dist/main.js:2:927199)
	at ChildProcess.emit (node:events:517:28)
	at maybeClose (node:internal/child_process:1098:16)
	at ChildProcess._handle.onexit (node:internal/child_process:303:5)
2024-04-18 18:45:26.109 [error] Error: Failed to execute git
	at ChildProcess.a (/home/pi/.vscode-server/cli/servers/Stable-e170252f762678dec6ca2cc69aba1570769a5d39/server/extensions/git/dist/main.js:2:927199)
	at ChildProcess.emit (node:events:517:28)
	at maybeClose (node:internal/child_process:1098:16)
	at ChildProcess._handle.onexit (node:internal/child_process:303:5)
2024-04-18 19:05:22.985 [info] ExtensionService#_doActivateExtension ms-vscode.cpptools, startup: false, activationEvent: 'onLanguage:c'
