2024-04-24 21:13:40.249 [info] Log level: Info
2024-04-24 21:13:40.249 [info] Validating found git in: "git"
2024-04-24 21:13:40.250 [info] Using git "2.30.2" from "git"
2024-04-24 21:13:40.250 [info] > git rev-parse --show-toplevel [163ms]
2024-04-24 21:13:40.250 [info] fatal: not a git repository (or any of the parent directories): .git
2024-04-24 21:13:40.250 [info] > git rev-parse --show-toplevel [10ms]
2024-04-24 21:13:40.250 [info] fatal: not a git repository (or any of the parent directories): .git
2024-04-24 21:13:40.256 [info] > git rev-parse --show-toplevel [11ms]
2024-04-24 21:13:40.257 [info] fatal: not a git repository (or any of the parent directories): .git
2024-04-24 21:13:40.293 [info] > git rev-parse --show-toplevel [10ms]
2024-04-24 21:13:40.294 [info] fatal: not a git repository (or any of the parent directories): .git
2024-04-24 21:13:40.328 [info] > git rev-parse --show-toplevel [10ms]
2024-04-24 21:13:40.328 [info] fatal: not a git repository (or any of the parent directories): .git
2024-04-24 21:13:40.359 [info] > git rev-parse --show-toplevel [8ms]
2024-04-24 21:13:40.360 [info] fatal: not a git repository (or any of the parent directories): .git
2024-04-24 21:13:40.396 [info] > git rev-parse --show-toplevel [12ms]
2024-04-24 21:13:40.397 [info] fatal: not a git repository (or any of the parent directories): .git
2024-04-24 21:13:40.428 [info] > git rev-parse --show-toplevel [8ms]
2024-04-24 21:13:40.428 [info] fatal: not a git repository (or any of the parent directories): .git
2024-04-24 21:13:40.464 [info] > git rev-parse --show-toplevel [7ms]
2024-04-24 21:13:40.464 [info] fatal: not a git repository (or any of the parent directories): .git
2024-04-24 21:14:57.985 [info] > git rev-parse --show-toplevel [9ms]
2024-04-24 21:14:57.986 [info] fatal: not a git repository (or any of the parent directories): .git
2024-04-24 21:17:02.058 [info] > git rev-parse --show-toplevel [8ms]
2024-04-24 21:17:02.099 [info] > git rev-parse --git-dir --git-common-dir [8ms]
2024-04-24 21:17:02.267 [info] Open repository: /home/pi/hx711
2024-04-24 21:17:02.412 [info] > git for-each-ref --format=%(refname)%00%(upstream:short)%00%(objectname)%00%(upstream:track)%00%(upstream:remotename)%00%(upstream:remoteref) refs/heads/master refs/remotes/master [57ms]
2024-04-24 21:17:02.415 [warning] No such branch: master.
2024-04-24 21:17:02.421 [info] > git config --get commit.template [95ms]
2024-04-24 21:17:02.475 [info] > git status -z -uall [19ms]
2024-04-24 21:17:02.570 [info] > git config --get commit.template [11ms]
2024-04-24 21:17:02.605 [info] > git for-each-ref --format=%(refname)%00%(upstream:short)%00%(objectname)%00%(upstream:track)%00%(upstream:remotename)%00%(upstream:remoteref) refs/heads/master refs/remotes/master [11ms]
2024-04-24 21:17:02.605 [warning] No such branch: master.
2024-04-24 21:17:02.637 [info] > git status -z -uall [10ms]
2024-04-24 21:17:02.933 [info] > git check-ignore -v -z --stdin [8ms]
