2024-04-22 20:46:31.790 [info] Extension host with pid 854 started
2024-04-22 20:46:31.791 [error] Error: EEXIST: file already exists, open '/home/pi/.vscode-server/data/User/workspaceStorage/1566796d59745773882bd9d053795416/vscode.lock'
2024-04-22 20:46:31.833 [info] Lock '/home/pi/.vscode-server/data/User/workspaceStorage/1566796d59745773882bd9d053795416/vscode.lock': Could not acquire lock, checking if the file is stale.
2024-04-22 20:46:31.918 [info] ExtensionService#_doActivateExtension vscode.emmet, startup: false, activationEvent: 'onLanguage'
2024-04-22 20:46:31.947 [info] ExtensionService#_doActivateExtension ms-vscode.cpptools, startup: false, activationEvent: 'onLanguage:c'
2024-04-22 20:46:35.771 [info] ExtensionService#_doActivateExtension vscode.git-base, startup: true, activationEvent: '*', root cause: vscode.git
2024-04-22 20:46:35.883 [info] Lock '/home/pi/.vscode-server/data/User/workspaceStorage/1566796d59745773882bd9d053795416/vscode.lock': The pid 852 appears to be gone.
2024-04-22 20:46:35.884 [info] Lock '/home/pi/.vscode-server/data/User/workspaceStorage/1566796d59745773882bd9d053795416/vscode.lock': Deleting a stale lock.
2024-04-22 20:46:36.043 [info] Lock '/home/pi/.vscode-server/data/User/workspaceStorage/1566796d59745773882bd9d053795416/vscode.lock': Lock acquired.
2024-04-22 20:46:36.986 [info] ExtensionService#_doActivateExtension vscode.git, startup: true, activationEvent: '*'
2024-04-22 20:46:36.988 [info] ExtensionService#_doActivateExtension vscode.github, startup: true, activationEvent: '*'
2024-04-22 20:46:39.807 [info] Eager extensions activated
2024-04-22 20:46:39.811 [info] ExtensionService#_doActivateExtension vscode.debug-auto-launch, startup: false, activationEvent: 'onStartupFinished'
2024-04-22 20:46:39.818 [info] ExtensionService#_doActivateExtension vscode.merge-conflict, startup: false, activationEvent: 'onStartupFinished'
2024-04-22 20:58:48.344 [warning] ms-vscode.cpptools - Code actions of kind 'quickfix 'requested but returned code action is of kind 'refactor.extract.function'. Code action will be dropped. Please check 'CodeActionContext.only' to only return requested code actions.
2024-04-22 20:58:52.011 [warning] ms-vscode.cpptools - Code actions of kind 'quickfix 'requested but returned code action is of kind 'refactor.extract.function'. Code action will be dropped. Please check 'CodeActionContext.only' to only return requested code actions.
2024-04-22 20:58:55.254 [warning] ms-vscode.cpptools - Code actions of kind 'quickfix 'requested but returned code action is of kind 'refactor.extract.function'. Code action will be dropped. Please check 'CodeActionContext.only' to only return requested code actions.
2024-04-22 20:58:55.338 [warning] ms-vscode.cpptools - Code actions of kind 'quickfix 'requested but returned code action is of kind 'refactor.extract.function'. Code action will be dropped. Please check 'CodeActionContext.only' to only return requested code actions.
2024-04-22 20:58:58.607 [warning] ms-vscode.cpptools - Code actions of kind 'quickfix 'requested but returned code action is of kind 'refactor.extract.function'. Code action will be dropped. Please check 'CodeActionContext.only' to only return requested code actions.
2024-04-22 20:59:03.527 [warning] ms-vscode.cpptools - Code actions of kind 'quickfix 'requested but returned code action is of kind 'refactor.extract.function'. Code action will be dropped. Please check 'CodeActionContext.only' to only return requested code actions.
