2024-04-17 19:24:52.580 [info] Log level: Info
2024-04-17 19:24:52.580 [info] Validating found git in: "git"
2024-04-17 19:24:52.580 [info] Using git "2.30.2" from "git"
2024-04-17 19:24:52.580 [info] > git rev-parse --show-toplevel [881ms]
2024-04-17 19:24:52.580 [info] > git rev-parse --git-dir --git-common-dir [13ms]
2024-04-17 19:24:52.580 [info] Open repository: /home/pi/Projet-Android
2024-04-17 19:24:52.602 [info] > git rev-parse --show-toplevel [66ms]
2024-04-17 19:24:52.611 [info] > git config --get commit.template [100ms]
2024-04-17 19:24:52.692 [info] > git rev-parse --show-toplevel [46ms]
2024-04-17 19:24:52.761 [info] > git for-each-ref --format=%(refname)%00%(upstream:short)%00%(objectname)%00%(upstream:track)%00%(upstream:remotename)%00%(upstream:remoteref) refs/heads/Raspberry refs/remotes/Raspberry [83ms]
2024-04-17 19:24:52.774 [info] > git rev-parse --show-toplevel [19ms]
2024-04-17 19:24:52.932 [info] > git status -z -uall [118ms]
2024-04-17 19:24:52.934 [info] > git show --textconv :android/CONTROL_ROBTO/control.c [51ms]
2024-04-17 19:24:52.936 [info] > git ls-files --stage -- /home/pi/Projet-Android/android/CONTROL_ROBTO/control.c [24ms]
2024-04-17 19:24:53.424 [info] > git check-ignore -v -z --stdin [260ms]
2024-04-17 19:24:53.435 [info] > git merge-base refs/heads/Raspberry refs/remotes/origin/Raspberry [390ms]
2024-04-17 19:24:53.478 [info] > git cat-file -s 1e8c897c688488a875abbc547821721564f04ef9 [517ms]
2024-04-17 19:24:53.495 [info] > git config --get commit.template [116ms]
2024-04-17 19:24:53.503 [info] > git rev-list --count --left-right refs/heads/Raspberry...refs/remotes/origin/Raspberry [33ms]
2024-04-17 19:24:53.590 [info] > git for-each-ref --format=%(refname)%00%(upstream:short)%00%(objectname)%00%(upstream:track)%00%(upstream:remotename)%00%(upstream:remoteref) refs/heads/Raspberry refs/remotes/Raspberry [31ms]
2024-04-17 19:24:53.593 [info] > git diff --name-status -z --diff-filter=ADMR 1b144443e8f82e08026bbd837b6b7bf287bdbe60...refs/remotes/origin/Raspberry [60ms]
2024-04-17 19:24:53.643 [info] > git status -z -uall [16ms]
2024-04-17 19:24:58.551 [info] > git show --textconv :android/CONTROL_ROBTO/control.c [31ms]
2024-04-17 19:24:58.563 [info] > git ls-files --stage -- /home/pi/Projet-Android/android/CONTROL_ROBTO/control.c [16ms]
2024-04-17 19:24:58.595 [info] > git cat-file -s 1e8c897c688488a875abbc547821721564f04ef9 [10ms]
2024-04-17 19:25:06.066 [info] > git show --textconv :C/bras.c [37ms]
2024-04-17 19:25:06.075 [info] > git ls-files --stage -- /home/pi/Projet-Android/C/bras.c [18ms]
2024-04-17 19:25:07.803 [info] > git show --textconv :C/bras.h [32ms]
2024-04-17 19:25:07.813 [info] > git ls-files --stage -- /home/pi/Projet-Android/C/bras.h [15ms]
2024-04-17 19:25:07.846 [info] > git cat-file -s 928e6a0440f7f01be34edcffc1fec5228cca7c52 [12ms]
2024-04-17 19:25:08.919 [info] > git show --textconv :C/control.h [29ms]
2024-04-17 19:25:08.929 [info] > git ls-files --stage -- /home/pi/Projet-Android/C/control.h [15ms]
2024-04-17 19:25:08.961 [info] > git cat-file -s 3f6216085dac89112e2be8617c2d7efd87212cd6 [10ms]
2024-04-17 19:25:11.653 [info] > git show --textconv :C/tcp_socket.c [29ms]
2024-04-17 19:25:11.664 [info] > git ls-files --stage -- /home/pi/Projet-Android/C/tcp_socket.c [15ms]
2024-04-17 19:25:11.694 [info] > git cat-file -s 71b81b58115484fc7801501b8d9d077cf53c7e5a [10ms]
2024-04-17 19:25:12.543 [info] > git show --textconv :C/control.h [30ms]
2024-04-17 19:25:12.553 [info] > git ls-files --stage -- /home/pi/Projet-Android/C/control.h [15ms]
2024-04-17 19:25:12.584 [info] > git cat-file -s 3f6216085dac89112e2be8617c2d7efd87212cd6 [10ms]
2024-04-17 19:25:15.516 [info] > git show --textconv :C/tcp_socket.c [32ms]
2024-04-17 19:25:15.526 [info] > git ls-files --stage -- /home/pi/Projet-Android/C/tcp_socket.c [15ms]
2024-04-17 19:25:15.559 [info] > git cat-file -s 71b81b58115484fc7801501b8d9d077cf53c7e5a [12ms]
2024-04-17 19:25:21.233 [info] > git show --textconv :C/bras.c [32ms]
2024-04-17 19:25:21.243 [info] > git ls-files --stage -- /home/pi/Projet-Android/C/bras.c [17ms]
2024-04-17 19:29:05.516 [info] > git config --get commit.template [34ms]
2024-04-17 19:29:05.523 [info] > git for-each-ref --format=%(refname)%00%(upstream:short)%00%(objectname)%00%(upstream:track)%00%(upstream:remotename)%00%(upstream:remoteref) refs/heads/Raspberry refs/remotes/Raspberry [19ms]
2024-04-17 19:29:05.562 [info] > git status -z -uall [12ms]
2024-04-17 19:33:50.271 [info] > git show --textconv :C/bras.c [56ms]
2024-04-17 19:33:50.304 [info] > git ls-files --stage -- /home/pi/Projet-Android/C/bras.c [52ms]
2024-04-17 19:34:14.527 [info] > git config --get commit.template [20ms]
2024-04-17 19:34:14.606 [info] > git for-each-ref --format=%(refname)%00%(upstream:short)%00%(objectname)%00%(upstream:track)%00%(upstream:remotename)%00%(upstream:remoteref) refs/heads/Raspberry refs/remotes/Raspberry [43ms]
2024-04-17 19:34:14.731 [info] > git status -z -uall [84ms]
2024-04-17 19:34:20.705 [info] > git config --get commit.template [47ms]
2024-04-17 19:34:20.709 [info] > git for-each-ref --format=%(refname)%00%(upstream:short)%00%(objectname)%00%(upstream:track)%00%(upstream:remotename)%00%(upstream:remoteref) refs/heads/Raspberry refs/remotes/Raspberry [14ms]
2024-04-17 19:34:20.769 [info] > git status -z -uall [21ms]
2024-04-17 19:36:42.742 [info] > git config --get commit.template [55ms]
2024-04-17 19:36:42.746 [info] > git for-each-ref --format=%(refname)%00%(upstream:short)%00%(objectname)%00%(upstream:track)%00%(upstream:remotename)%00%(upstream:remoteref) refs/heads/Raspberry refs/remotes/Raspberry [23ms]
2024-04-17 19:36:43.262 [info] > git status -z -uall [475ms]
2024-04-17 19:37:54.633 [info] > git show --textconv :C/control.h [53ms]
2024-04-17 19:37:54.660 [info] > git ls-files --stage -- /home/pi/Projet-Android/C/control.h [38ms]
2024-04-17 19:37:54.722 [info] > git cat-file -s 3f6216085dac89112e2be8617c2d7efd87212cd6 [23ms]
2024-04-17 19:38:03.126 [info] > git show --textconv :C/bras.c [51ms]
2024-04-17 19:38:03.146 [info] > git ls-files --stage -- /home/pi/Projet-Android/C/bras.c [34ms]
2024-04-17 19:41:16.961 [info] > git config --get commit.template [54ms]
2024-04-17 19:41:16.967 [info] > git for-each-ref --format=%(refname)%00%(upstream:short)%00%(objectname)%00%(upstream:track)%00%(upstream:remotename)%00%(upstream:remoteref) refs/heads/Raspberry refs/remotes/Raspberry [18ms]
2024-04-17 19:41:17.027 [info] > git status -z -uall [14ms]
2024-04-17 19:42:04.958 [info] > git config --get commit.template [9ms]
2024-04-17 19:42:05.014 [info] > git for-each-ref --format=%(refname)%00%(upstream:short)%00%(objectname)%00%(upstream:track)%00%(upstream:remotename)%00%(upstream:remoteref) refs/heads/Raspberry refs/remotes/Raspberry [15ms]
2024-04-17 19:42:05.080 [info] > git status -z -uall [15ms]
2024-04-17 19:42:26.455 [info] > git config --get commit.template [46ms]
2024-04-17 19:42:26.458 [info] > git for-each-ref --format=%(refname)%00%(upstream:short)%00%(objectname)%00%(upstream:track)%00%(upstream:remotename)%00%(upstream:remoteref) refs/heads/Raspberry refs/remotes/Raspberry [12ms]
2024-04-17 19:42:26.511 [info] > git status -z -uall [12ms]
2024-04-17 19:42:39.386 [info] > git config --get commit.template [13ms]
2024-04-17 19:42:39.442 [info] > git for-each-ref --format=%(refname)%00%(upstream:short)%00%(objectname)%00%(upstream:track)%00%(upstream:remotename)%00%(upstream:remoteref) refs/heads/Raspberry refs/remotes/Raspberry [16ms]
2024-04-17 19:42:39.499 [info] > git status -z -uall [12ms]
2024-04-17 19:43:14.785 [info] > git config --get commit.template [13ms]
2024-04-17 19:43:14.841 [info] > git for-each-ref --format=%(refname)%00%(upstream:short)%00%(objectname)%00%(upstream:track)%00%(upstream:remotename)%00%(upstream:remoteref) refs/heads/Raspberry refs/remotes/Raspberry [11ms]
2024-04-17 19:43:14.903 [info] > git status -z -uall [15ms]
2024-04-17 19:44:20.878 [info] > git show --textconv :C/control.h [54ms]
2024-04-17 19:44:20.896 [info] > git ls-files --stage -- /home/pi/Projet-Android/C/control.h [31ms]
2024-04-17 19:44:20.950 [info] > git cat-file -s 3f6216085dac89112e2be8617c2d7efd87212cd6 [14ms]
2024-04-17 19:44:21.709 [info] > git show --textconv :C/bras.c [54ms]
2024-04-17 19:44:21.755 [info] > git ls-files --stage -- /home/pi/Projet-Android/C/bras.c [57ms]
2024-04-17 19:44:25.051 [info] > git config --get commit.template [53ms]
2024-04-17 19:44:25.054 [info] > git for-each-ref --format=%(refname)%00%(upstream:short)%00%(objectname)%00%(upstream:track)%00%(upstream:remotename)%00%(upstream:remoteref) refs/heads/Raspberry refs/remotes/Raspberry [12ms]
2024-04-17 19:44:25.108 [info] > git status -z -uall [12ms]
2024-04-17 19:45:04.125 [info] > git config --get commit.template [16ms]
2024-04-17 19:45:04.216 [info] > git for-each-ref --format=%(refname)%00%(upstream:short)%00%(objectname)%00%(upstream:track)%00%(upstream:remotename)%00%(upstream:remoteref) refs/heads/Raspberry refs/remotes/Raspberry [49ms]
2024-04-17 19:45:04.341 [info] > git status -z -uall [83ms]
2024-04-17 19:45:51.115 [info] > git config --get commit.template [47ms]
2024-04-17 19:45:51.120 [info] > git for-each-ref --format=%(refname)%00%(upstream:short)%00%(objectname)%00%(upstream:track)%00%(upstream:remotename)%00%(upstream:remoteref) refs/heads/Raspberry refs/remotes/Raspberry [11ms]
2024-04-17 19:45:51.176 [info] > git status -z -uall [13ms]
2024-04-17 19:46:37.734 [info] > git config --get commit.template [11ms]
2024-04-17 19:46:37.787 [info] > git for-each-ref --format=%(refname)%00%(upstream:short)%00%(objectname)%00%(upstream:track)%00%(upstream:remotename)%00%(upstream:remoteref) refs/heads/Raspberry refs/remotes/Raspberry [11ms]
2024-04-17 19:46:37.844 [info] > git status -z -uall [12ms]
2024-04-17 19:49:07.390 [info] > git config --get commit.template [49ms]
2024-04-17 19:49:07.397 [info] > git for-each-ref --format=%(refname)%00%(upstream:short)%00%(objectname)%00%(upstream:track)%00%(upstream:remotename)%00%(upstream:remoteref) refs/heads/Raspberry refs/remotes/Raspberry [11ms]
2024-04-17 19:49:07.451 [info] > git status -z -uall [12ms]
2024-04-17 19:49:45.563 [info] > git config --get commit.template [9ms]
2024-04-17 19:49:45.614 [info] > git for-each-ref --format=%(refname)%00%(upstream:short)%00%(objectname)%00%(upstream:track)%00%(upstream:remotename)%00%(upstream:remoteref) refs/heads/Raspberry refs/remotes/Raspberry [12ms]
2024-04-17 19:49:45.671 [info] > git status -z -uall [13ms]
2024-04-17 19:49:51.794 [info] > git config --get commit.template [80ms]
2024-04-17 19:49:51.799 [info] > git for-each-ref --format=%(refname)%00%(upstream:short)%00%(objectname)%00%(upstream:track)%00%(upstream:remotename)%00%(upstream:remoteref) refs/heads/Raspberry refs/remotes/Raspberry [45ms]
2024-04-17 19:49:51.852 [info] > git status -z -uall [12ms]
2024-04-17 19:50:48.696 [info] > git config --get commit.template [16ms]
2024-04-17 19:50:48.751 [info] > git for-each-ref --format=%(refname)%00%(upstream:short)%00%(objectname)%00%(upstream:track)%00%(upstream:remotename)%00%(upstream:remoteref) refs/heads/Raspberry refs/remotes/Raspberry [14ms]
2024-04-17 19:50:48.810 [info] > git status -z -uall [13ms]
2024-04-17 19:52:03.613 [info] > git config --get commit.template [10ms]
2024-04-17 19:52:03.663 [info] > git for-each-ref --format=%(refname)%00%(upstream:short)%00%(objectname)%00%(upstream:track)%00%(upstream:remotename)%00%(upstream:remoteref) refs/heads/Raspberry refs/remotes/Raspberry [11ms]
2024-04-17 19:52:03.717 [info] > git status -z -uall [11ms]
2024-04-17 19:53:35.562 [info] > git config --get commit.template [51ms]
2024-04-17 19:53:35.566 [info] > git for-each-ref --format=%(refname)%00%(upstream:short)%00%(objectname)%00%(upstream:track)%00%(upstream:remotename)%00%(upstream:remoteref) refs/heads/Raspberry refs/remotes/Raspberry [11ms]
2024-04-17 19:53:35.633 [info] > git status -z -uall [20ms]
2024-04-17 19:54:04.571 [info] > git config --get commit.template [14ms]
2024-04-17 19:54:04.668 [info] > git for-each-ref --format=%(refname)%00%(upstream:short)%00%(objectname)%00%(upstream:track)%00%(upstream:remotename)%00%(upstream:remoteref) refs/heads/Raspberry refs/remotes/Raspberry [45ms]
2024-04-17 19:54:04.799 [info] > git status -z -uall [83ms]
2024-04-17 19:54:46.265 [info] > git config --get commit.template [47ms]
2024-04-17 19:54:46.278 [info] > git for-each-ref --format=%(refname)%00%(upstream:short)%00%(objectname)%00%(upstream:track)%00%(upstream:remotename)%00%(upstream:remoteref) refs/heads/Raspberry refs/remotes/Raspberry [18ms]
2024-04-17 19:54:46.333 [info] > git status -z -uall [12ms]
2024-04-17 19:55:37.717 [info] > git config --get commit.template [49ms]
2024-04-17 19:55:37.723 [info] > git for-each-ref --format=%(refname)%00%(upstream:short)%00%(objectname)%00%(upstream:track)%00%(upstream:remotename)%00%(upstream:remoteref) refs/heads/Raspberry refs/remotes/Raspberry [11ms]
2024-04-17 19:55:37.779 [info] > git status -z -uall [13ms]
2024-04-17 19:56:41.049 [info] > git config --get commit.template [56ms]
2024-04-17 19:56:41.053 [info] > git for-each-ref --format=%(refname)%00%(upstream:short)%00%(objectname)%00%(upstream:track)%00%(upstream:remotename)%00%(upstream:remoteref) refs/heads/Raspberry refs/remotes/Raspberry [14ms]
2024-04-17 19:56:41.107 [info] > git status -z -uall [12ms]
2024-04-17 19:57:41.524 [info] > git config --get commit.template [50ms]
2024-04-17 19:57:41.530 [info] > git for-each-ref --format=%(refname)%00%(upstream:short)%00%(objectname)%00%(upstream:track)%00%(upstream:remotename)%00%(upstream:remoteref) refs/heads/Raspberry refs/remotes/Raspberry [11ms]
2024-04-17 19:57:41.584 [info] > git status -z -uall [11ms]
2024-04-17 19:57:46.695 [info] > git config --get commit.template [52ms]
2024-04-17 19:57:46.700 [info] > git for-each-ref --format=%(refname)%00%(upstream:short)%00%(objectname)%00%(upstream:track)%00%(upstream:remotename)%00%(upstream:remoteref) refs/heads/Raspberry refs/remotes/Raspberry [10ms]
2024-04-17 19:57:46.755 [info] > git status -z -uall [12ms]
2024-04-17 19:57:51.863 [info] > git config --get commit.template [47ms]
2024-04-17 19:57:51.869 [info] > git for-each-ref --format=%(refname)%00%(upstream:short)%00%(objectname)%00%(upstream:track)%00%(upstream:remotename)%00%(upstream:remoteref) refs/heads/Raspberry refs/remotes/Raspberry [11ms]
2024-04-17 19:57:51.923 [info] > git status -z -uall [13ms]
2024-04-17 19:58:07.039 [info] > git config --get commit.template [39ms]
2024-04-17 19:58:07.089 [info] > git for-each-ref --format=%(refname)%00%(upstream:short)%00%(objectname)%00%(upstream:track)%00%(upstream:remotename)%00%(upstream:remoteref) refs/heads/Raspberry refs/remotes/Raspberry [10ms]
2024-04-17 19:58:07.222 [info] > git status -z -uall [89ms]
2024-04-17 19:59:33.018 [info] > git for-each-ref --format=%(refname)%00%(upstream:short)%00%(objectname)%00%(upstream:track)%00%(upstream:remotename)%00%(upstream:remoteref) refs/heads/Raspberry refs/remotes/Raspberry [455ms]
2024-04-17 19:59:33.020 [info] > git config --get commit.template [511ms]
2024-04-17 19:59:33.077 [info] > git status -z -uall [13ms]
2024-04-17 20:07:03.144 [info] > git show --textconv :C/bras.h [53ms]
2024-04-17 20:07:03.157 [info] > git ls-files --stage -- /home/pi/Projet-Android/C/bras.h [21ms]
2024-04-17 20:07:03.221 [info] > git cat-file -s 928e6a0440f7f01be34edcffc1fec5228cca7c52 [18ms]
2024-04-17 20:07:03.909 [info] > git show --textconv :C/bras.c [59ms]
2024-04-17 20:07:03.929 [info] > git ls-files --stage -- /home/pi/Projet-Android/C/bras.c [32ms]
2024-04-17 20:07:07.192 [info] > git show --textconv :C/bras.h [56ms]
2024-04-17 20:07:07.205 [info] > git ls-files --stage -- /home/pi/Projet-Android/C/bras.h [22ms]
2024-04-17 20:07:07.266 [info] > git cat-file -s 928e6a0440f7f01be34edcffc1fec5228cca7c52 [15ms]
2024-04-17 20:07:11.440 [info] > git config --get commit.template [9ms]
2024-04-17 20:07:11.499 [info] > git for-each-ref --format=%(refname)%00%(upstream:short)%00%(objectname)%00%(upstream:track)%00%(upstream:remotename)%00%(upstream:remoteref) refs/heads/Raspberry refs/remotes/Raspberry [17ms]
2024-04-17 20:07:11.982 [info] > git status -z -uall [427ms]
2024-04-17 20:07:20.402 [info] > git config --get commit.template [16ms]
2024-04-17 20:07:20.490 [info] > git for-each-ref --format=%(refname)%00%(upstream:short)%00%(objectname)%00%(upstream:track)%00%(upstream:remotename)%00%(upstream:remoteref) refs/heads/Raspberry refs/remotes/Raspberry [45ms]
2024-04-17 20:07:20.638 [info] > git status -z -uall [95ms]
2024-04-17 20:07:41.791 [info] > git config --get commit.template [22ms]
2024-04-17 20:07:41.856 [info] > git for-each-ref --format=%(refname)%00%(upstream:short)%00%(objectname)%00%(upstream:track)%00%(upstream:remotename)%00%(upstream:remoteref) refs/heads/Raspberry refs/remotes/Raspberry [16ms]
2024-04-17 20:07:41.917 [info] > git status -z -uall [14ms]
2024-04-17 20:07:55.563 [info] > git show --textconv :C/tcp_socket.c [66ms]
2024-04-17 20:07:55.574 [info] > git ls-files --stage -- /home/pi/Projet-Android/C/tcp_socket.c [21ms]
2024-04-17 20:07:55.634 [info] > git cat-file -s 71b81b58115484fc7801501b8d9d077cf53c7e5a [15ms]
2024-04-17 20:07:59.359 [info] > git config --get commit.template [21ms]
2024-04-17 20:07:59.416 [info] > git for-each-ref --format=%(refname)%00%(upstream:short)%00%(objectname)%00%(upstream:track)%00%(upstream:remotename)%00%(upstream:remoteref) refs/heads/Raspberry refs/remotes/Raspberry [13ms]
2024-04-17 20:07:59.476 [info] > git status -z -uall [13ms]
2024-04-17 20:08:06.246 [info] > git config --get commit.template [21ms]
2024-04-17 20:08:06.304 [info] > git for-each-ref --format=%(refname)%00%(upstream:short)%00%(objectname)%00%(upstream:track)%00%(upstream:remotename)%00%(upstream:remoteref) refs/heads/Raspberry refs/remotes/Raspberry [14ms]
2024-04-17 20:08:06.350 [info] > git status -z -uall [7ms]
2024-04-17 20:08:19.480 [info] > git merge-base refs/heads/Raspberry refs/remotes/origin/Raspberry [10ms]
2024-04-17 20:08:19.531 [info] > git rev-list --count --left-right refs/heads/Raspberry...refs/remotes/origin/Raspberry [7ms]
2024-04-17 20:08:26.974 [info] > git add -A -- /home/pi/Projet-Android/C/bras.c [8ms]
2024-04-17 20:08:27.030 [info] > git config --get commit.template [25ms]
2024-04-17 20:08:27.033 [info] > git for-each-ref --format=%(refname)%00%(upstream:short)%00%(objectname)%00%(upstream:track)%00%(upstream:remotename)%00%(upstream:remoteref) refs/heads/Raspberry refs/remotes/Raspberry [5ms]
2024-04-17 20:08:27.086 [info] > git status -z -uall [23ms]
2024-04-17 20:08:28.239 [info] > git ls-files --stage -- /home/pi/Projet-Android/C/tcp_socket.c [9ms]
2024-04-17 20:08:28.295 [info] > git cat-file -s 71b81b58115484fc7801501b8d9d077cf53c7e5a [9ms]
2024-04-17 20:08:28.361 [info] > git show --textconv :C/tcp_socket.c [11ms]
2024-04-17 20:08:36.250 [info] > git show --textconv HEAD:C/bras.c [122ms]
2024-04-17 20:08:36.251 [info] > git show --textconv :C/bras.c [89ms]
2024-04-17 20:08:36.259 [info] > git ls-tree -l HEAD -- /home/pi/Projet-Android/C/bras.c [61ms]
2024-04-17 20:08:36.272 [info] > git ls-files --stage -- /home/pi/Projet-Android/C/bras.c [31ms]
2024-04-17 20:08:36.322 [info] > git cat-file -s bcf6d359524502e30885e18b143166e8dc00c6af [10ms]
2024-04-17 20:08:46.840 [info] > git show --textconv :C/tcp_socket.c [58ms]
2024-04-17 20:08:46.851 [info] > git ls-files --stage -- /home/pi/Projet-Android/C/tcp_socket.c [23ms]
2024-04-17 20:08:46.914 [info] > git cat-file -s 71b81b58115484fc7801501b8d9d077cf53c7e5a [19ms]
2024-04-17 20:08:51.385 [info] > git add -A -- /home/pi/Projet-Android/C/bras.h [14ms]
2024-04-17 20:08:51.489 [info] > git config --get commit.template [54ms]
2024-04-17 20:08:51.498 [info] > git for-each-ref --format=%(refname)%00%(upstream:short)%00%(objectname)%00%(upstream:track)%00%(upstream:remotename)%00%(upstream:remoteref) refs/heads/Raspberry refs/remotes/Raspberry [19ms]
2024-04-17 20:08:51.558 [info] > git status -z -uall [17ms]
2024-04-17 20:08:52.652 [info] > git ls-files --stage -- /home/pi/Projet-Android/C/tcp_socket.c [9ms]
2024-04-17 20:08:52.690 [info] > git cat-file -s 71b81b58115484fc7801501b8d9d077cf53c7e5a [6ms]
2024-04-17 20:08:52.733 [info] > git show --textconv :C/tcp_socket.c [8ms]
2024-04-17 20:08:53.891 [info] > git config --get commit.template [69ms]
2024-04-17 20:08:53.973 [info] > git add -A -- /home/pi/Projet-Android/C/tcp_socket.c /home/pi/Projet-Android/C/brasTest [96ms]
2024-04-17 20:08:54.029 [info] > git for-each-ref --format=%(refname)%00%(upstream:short)%00%(objectname)%00%(upstream:track)%00%(upstream:remotename)%00%(upstream:remoteref) refs/heads/Raspberry refs/remotes/Raspberry [96ms]
2024-04-17 20:08:54.109 [info] > git config --get commit.template [88ms]
2024-04-17 20:08:54.175 [info] > git for-each-ref --format=%(refname)%00%(upstream:short)%00%(objectname)%00%(upstream:track)%00%(upstream:remotename)%00%(upstream:remoteref) refs/heads/Raspberry refs/remotes/Raspberry [15ms]
2024-04-17 20:08:54.230 [info] > git status -z -uall [11ms]
2024-04-17 20:08:55.190 [info] > git ls-files --stage -- /home/pi/Projet-Android/C/tcp_socket.c [8ms]
2024-04-17 20:08:55.239 [info] > git cat-file -s d45374d324e3f8c4c1d007639af2538982cafe91 [9ms]
2024-04-17 20:08:55.345 [info] > git show --textconv :C/tcp_socket.c [11ms]
2024-04-17 20:08:59.261 [info] > git config --get commit.template [48ms]
2024-04-17 20:08:59.267 [info] > git for-each-ref --format=%(refname)%00%(upstream:short)%00%(objectname)%00%(upstream:track)%00%(upstream:remotename)%00%(upstream:remoteref) refs/heads/Raspberry refs/remotes/Raspberry [10ms]
2024-04-17 20:08:59.322 [info] > git status -z -uall [11ms]
2024-04-17 20:09:01.469 [info] > git show --textconv HEAD:C/bras.c [693ms]
2024-04-17 20:09:01.470 [info] > git show --textconv :C/bras.c [650ms]
2024-04-17 20:09:01.470 [info] > git show --textconv HEAD:C/bras.h [608ms]
2024-04-17 20:09:01.470 [info] > git show --textconv :C/bras.h [564ms]
2024-04-17 20:09:01.470 [info] > git show --textconv HEAD:C/brasTest [521ms]
2024-04-17 20:09:01.471 [info] > git show --textconv :C/brasTest [479ms]
2024-04-17 20:09:01.471 [info] > git show --textconv HEAD:C/tcp_socket.c [432ms]
2024-04-17 20:09:01.471 [info] > git show --textconv :C/tcp_socket.c [386ms]
2024-04-17 20:09:01.473 [info] > git ls-files --stage -- /home/pi/Projet-Android/C/tcp_socket.c [25ms]
2024-04-17 20:09:01.517 [info] > git ls-tree -l HEAD -- /home/pi/Projet-Android/C/tcp_socket.c [111ms]
2024-04-17 20:09:01.524 [info] > git ls-files --stage -- /home/pi/Projet-Android/C/brasTest [170ms]
2024-04-17 20:09:01.566 [info] > git ls-tree -l HEAD -- /home/pi/Projet-Android/C/brasTest [256ms]
2024-04-17 20:09:01.570 [info] > git ls-files --stage -- /home/pi/Projet-Android/C/bras.h [304ms]
2024-04-17 20:09:01.613 [info] > git ls-tree -l HEAD -- /home/pi/Projet-Android/C/bras.h [389ms]
2024-04-17 20:09:01.618 [info] > git ls-files --stage -- /home/pi/Projet-Android/C/bras.c [441ms]
2024-04-17 20:09:01.660 [info] > git ls-tree -l HEAD -- /home/pi/Projet-Android/C/bras.c [528ms]
2024-04-17 20:09:01.695 [info] > git cat-file -s bcf6d359524502e30885e18b143166e8dc00c6af [36ms]
2024-04-17 20:09:01.698 [info] > git cat-file -s c300bba441e7da89e533cf1f0c5085a0cc20656f [86ms]
2024-04-17 20:09:01.700 [info] > git cat-file -s 0a2d3e39be49cc44fad59d5a83657f10854c77a9 [136ms]
2024-04-17 20:09:01.702 [info] > git cat-file -s d45374d324e3f8c4c1d007639af2538982cafe91 [187ms]
2024-04-17 20:09:38.958 [info] > git ls-tree -l HEAD -- /home/pi/Projet-Android/C/tcp_socket.c [67ms]
2024-04-17 20:09:38.961 [info] > git ls-tree -l HEAD -- /home/pi/Projet-Android/C/brasTest [115ms]
2024-04-17 20:09:38.964 [info] > git ls-files --stage -- /home/pi/Projet-Android/C/bras.h [169ms]
2024-04-17 20:09:39.007 [info] > git ls-tree -l HEAD -- /home/pi/Projet-Android/C/bras.h [258ms]
2024-04-17 20:09:39.012 [info] > git ls-files --stage -- /home/pi/Projet-Android/C/bras.c [311ms]
2024-04-17 20:09:39.054 [info] > git ls-tree -l HEAD -- /home/pi/Projet-Android/C/bras.c [401ms]
2024-04-17 20:09:39.079 [info] > git cat-file -s c300bba441e7da89e533cf1f0c5085a0cc20656f [74ms]
2024-04-17 20:09:39.082 [info] > git ls-files --stage -- /home/pi/Projet-Android/C/tcp_socket.c [148ms]
2024-04-17 20:09:39.325 [info] > git cat-file -s bcf6d359524502e30885e18b143166e8dc00c6af [271ms]
2024-04-17 20:09:39.900 [info] > git show --textconv HEAD:C/tcp_socket.c [726ms]
2024-04-17 20:09:39.901 [info] > git show --textconv HEAD:C/brasTest [683ms]
2024-04-17 20:09:39.901 [info] > git show --textconv HEAD:C/bras.h [637ms]
2024-04-17 20:09:39.901 [info] > git show --textconv HEAD:C/bras.c [583ms]
2024-04-17 20:09:39.902 [info] > git show --textconv :C/bras.h [60ms]
2024-04-17 20:09:39.902 [info] > git show --textconv :C/bras.c [15ms]
2024-04-17 20:09:39.912 [info] > git cat-file -s d45374d324e3f8c4c1d007639af2538982cafe91 [788ms]
2024-04-17 20:09:40.111 [info] > git show --textconv :C/tcp_socket.c [51ms]
2024-04-17 20:09:40.344 [info] > git show --textconv :.git/COMMIT_EDITMSG [56ms]
2024-04-17 20:09:40.353 [info] > git ls-files --stage -- /home/pi/Projet-Android/.git/COMMIT_EDITMSG [20ms]
2024-04-17 20:09:40.629 [info] > git check-ignore -v -z --stdin [8ms]
2024-04-17 20:10:44.002 [info] > git ls-files --stage -- /home/pi/Projet-Android/C/tcp_socket.c [64ms]
2024-04-17 20:10:44.045 [info] > git ls-tree -l HEAD -- /home/pi/Projet-Android/C/tcp_socket.c [150ms]
2024-04-17 20:10:44.049 [info] > git ls-tree -l HEAD -- /home/pi/Projet-Android/C/brasTest [197ms]
2024-04-17 20:10:44.052 [info] > git ls-files --stage -- /home/pi/Projet-Android/C/bras.h [244ms]
2024-04-17 20:10:44.097 [info] > git ls-tree -l HEAD -- /home/pi/Projet-Android/C/bras.h [331ms]
2024-04-17 20:10:44.101 [info] > git ls-files --stage -- /home/pi/Projet-Android/C/bras.c [379ms]
2024-04-17 20:10:44.143 [info] > git ls-tree -l HEAD -- /home/pi/Projet-Android/C/bras.c [464ms]
2024-04-17 20:10:44.154 [info] > git cat-file -s c300bba441e7da89e533cf1f0c5085a0cc20656f [58ms]
2024-04-17 20:10:44.157 [info] > git cat-file -s d45374d324e3f8c4c1d007639af2538982cafe91 [114ms]
2024-04-17 20:10:44.159 [info] > git ls-files --stage -- /home/pi/Projet-Android/.git/COMMIT_EDITMSG [178ms]
2024-04-17 20:10:44.342 [info] > git cat-file -s bcf6d359524502e30885e18b143166e8dc00c6af [201ms]
2024-04-17 20:10:44.489 [info] > git show --textconv HEAD:C/tcp_socket.c [282ms]
2024-04-17 20:10:44.489 [info] > git show --textconv HEAD:C/brasTest [240ms]
2024-04-17 20:10:44.489 [info] > git show --textconv HEAD:C/bras.h [195ms]
2024-04-17 20:10:44.490 [info] > git show --textconv HEAD:C/bras.c [151ms]
2024-04-17 20:10:44.490 [info] > git show --textconv :C/bras.h [97ms]
2024-04-17 20:10:44.490 [info] > git show --textconv :C/tcp_socket.c [52ms]
2024-04-17 20:10:44.490 [info] > git show --textconv :.git/COMMIT_EDITMSG [9ms]
2024-04-17 20:10:44.561 [info] > git show --textconv :C/bras.c [19ms]
2024-04-17 20:10:46.161 [info] > git ls-files --stage -- /home/pi/Projet-Android/C/tcp_socket.c [55ms]
2024-04-17 20:10:46.202 [info] > git ls-tree -l HEAD -- /home/pi/Projet-Android/C/tcp_socket.c [140ms]
2024-04-17 20:10:46.206 [info] > git ls-tree -l HEAD -- /home/pi/Projet-Android/C/brasTest [188ms]
2024-04-17 20:10:46.210 [info] > git ls-files --stage -- /home/pi/Projet-Android/C/bras.h [234ms]
2024-04-17 20:10:46.252 [info] > git ls-tree -l HEAD -- /home/pi/Projet-Android/C/bras.h [319ms]
2024-04-17 20:10:46.256 [info] > git ls-files --stage -- /home/pi/Projet-Android/C/bras.c [365ms]
2024-04-17 20:10:46.298 [info] > git ls-tree -l HEAD -- /home/pi/Projet-Android/C/bras.c [451ms]
2024-04-17 20:10:46.308 [info] > git cat-file -s c300bba441e7da89e533cf1f0c5085a0cc20656f [59ms]
2024-04-17 20:10:46.311 [info] > git cat-file -s d45374d324e3f8c4c1d007639af2538982cafe91 [111ms]
2024-04-17 20:10:46.318 [info] > git ls-files --stage -- /home/pi/Projet-Android/.git/COMMIT_EDITMSG [170ms]
2024-04-17 20:10:46.498 [info] > git cat-file -s bcf6d359524502e30885e18b143166e8dc00c6af [201ms]
2024-04-17 20:10:46.639 [info] > git show --textconv HEAD:C/tcp_socket.c [274ms]
2024-04-17 20:10:46.639 [info] > git show --textconv HEAD:C/brasTest [231ms]
2024-04-17 20:10:46.640 [info] > git show --textconv HEAD:C/bras.h [189ms]
2024-04-17 20:10:46.640 [info] > git show --textconv HEAD:C/bras.c [146ms]
2024-04-17 20:10:46.640 [info] > git show --textconv :C/bras.h [94ms]
2024-04-17 20:10:46.641 [info] > git show --textconv :C/tcp_socket.c [51ms]
2024-04-17 20:10:46.641 [info] > git show --textconv :.git/COMMIT_EDITMSG [8ms]
2024-04-17 20:10:46.711 [info] > git show --textconv :C/bras.c [19ms]
2024-04-17 20:10:49.075 [info] > git -c user.useConfigOnly=true commit --quiet [71740ms]
2024-04-17 20:10:49.175 [info] > git config --get commit.template [49ms]
2024-04-17 20:10:49.183 [info] > git for-each-ref --format=%(refname)%00%(upstream:short)%00%(objectname)%00%(upstream:track)%00%(upstream:remotename)%00%(upstream:remoteref) refs/heads/Raspberry refs/remotes/Raspberry [13ms]
2024-04-17 20:10:49.244 [info] > git status -z -uall [17ms]
2024-04-17 20:10:49.356 [info] > git merge-base refs/heads/Raspberry refs/remotes/origin/Raspberry [61ms]
2024-04-17 20:10:49.485 [info] > git rev-list --count --left-right refs/heads/Raspberry...refs/remotes/origin/Raspberry [85ms]
2024-04-17 20:10:49.590 [info] > git diff --name-status -z --diff-filter=ADMR 1b144443e8f82e08026bbd837b6b7bf287bdbe60...refs/remotes/origin/Raspberry [51ms]
2024-04-17 20:10:49.596 [info] > git merge-base refs/heads/Raspberry refs/remotes/origin/Raspberry [143ms]
2024-04-17 20:10:49.648 [info] > git config --get commit.template [61ms]
2024-04-17 20:10:49.700 [info] > git rev-list --count --left-right refs/heads/Raspberry...refs/remotes/origin/Raspberry [59ms]
2024-04-17 20:10:49.706 [info] > git for-each-ref --format=%(refname)%00%(upstream:short)%00%(objectname)%00%(upstream:track)%00%(upstream:remotename)%00%(upstream:remoteref) refs/heads/Raspberry refs/remotes/Raspberry [15ms]
2024-04-17 20:10:49.762 [info] > git status -z -uall [12ms]
2024-04-17 20:10:52.910 [info] > git log --format=%H%n%aN%n%aE%n%at%n%ct%n%P%n%D%n%B -z --shortstat --author-date-order 1b144443e8f82e08026bbd837b6b7bf287bdbe60..b0df11c5fb12efd927576ef4d7635dea94708706 [26ms]
2024-04-17 20:10:54.027 [info] > git diff --name-status -z --diff-filter=ADMR 1b144443e8f82e08026bbd837b6b7bf287bdbe60...b0df11c5fb12efd927576ef4d7635dea94708706 [12ms]
2024-04-17 20:10:54.603 [info] > git check-ignore -v -z --stdin [7ms]
2024-04-17 20:11:05.201 [info] > git log --oneline --cherry Raspberry...Raspberry@{upstream} -- [10ms]
2024-04-17 20:11:06.537 [info] > git ls-tree -l HEAD -- /home/pi/Projet-Android/C/brasTest [11ms]
2024-04-17 20:11:06.603 [info] > git show --textconv HEAD:C/brasTest [13ms]
2024-04-17 20:11:06.769 [info] > git pull --tags origin Raspberry [1525ms]
2024-04-17 20:11:06.769 [info] hint: Pulling without specifying how to reconcile divergent branches is
hint: discouraged. You can squelch this message by running one of the following
hint: commands sometime before your next pull:
hint: 
hint:   git config pull.rebase false  # merge (the default strategy)
hint:   git config pull.rebase true   # rebase
hint:   git config pull.ff only       # fast-forward only
hint: 
hint: You can replace "git config" with "git config --global" to set a default
hint: preference for all repositories. You can also pass --rebase, --no-rebase,
hint: or --ff-only on the command line to override the configured default per
hint: invocation.
From github.com:AlexisBlouin/Projet-Android
 * branch            Raspberry  -> FETCH_HEAD
2024-04-17 20:11:08.082 [info] > git ls-tree -l HEAD -- /home/pi/Projet-Android/C/brasTest [11ms]
2024-04-17 20:11:08.147 [info] > git show --textconv HEAD:C/brasTest [12ms]
2024-04-17 20:11:08.264 [info] > git push origin Raspberry:Raspberry [1452ms]
2024-04-17 20:11:08.264 [info] To github.com:AlexisBlouin/Projet-Android.git
   1b14444..b0df11c  Raspberry -> Raspberry
2024-04-17 20:11:08.371 [info] > git config --get commit.template [60ms]
2024-04-17 20:11:08.375 [info] > git for-each-ref --format=%(refname)%00%(upstream:short)%00%(objectname)%00%(upstream:track)%00%(upstream:remotename)%00%(upstream:remoteref) refs/heads/Raspberry refs/remotes/Raspberry [18ms]
2024-04-17 20:11:08.431 [info] > git status -z -uall [11ms]
2024-04-17 20:11:08.539 [info] > git merge-base refs/heads/Raspberry refs/remotes/origin/Raspberry [55ms]
2024-04-17 20:11:08.636 [info] > git rev-list --count --left-right refs/heads/Raspberry...refs/remotes/origin/Raspberry [52ms]
2024-04-17 20:11:08.685 [info] > git merge-base refs/heads/Raspberry refs/remotes/origin/Raspberry [55ms]
2024-04-17 20:11:08.734 [info] > git diff --name-status -z --diff-filter=ADMR b0df11c5fb12efd927576ef4d7635dea94708706...refs/remotes/origin/Raspberry [55ms]
2024-04-17 20:11:08.740 [info] > git rev-list --count --left-right refs/heads/Raspberry...refs/remotes/origin/Raspberry [11ms]
2024-04-17 20:11:09.630 [info] > git config --get commit.template [48ms]
2024-04-17 20:11:09.637 [info] > git for-each-ref --format=%(refname)%00%(upstream:short)%00%(objectname)%00%(upstream:track)%00%(upstream:remotename)%00%(upstream:remoteref) refs/heads/Raspberry refs/remotes/Raspberry [13ms]
2024-04-17 20:11:09.746 [info] > git status -z -uall [64ms]
2024-04-17 20:11:09.761 [info] > git ls-tree -l HEAD -- /home/pi/Projet-Android/C/brasTest [18ms]
2024-04-17 20:11:09.826 [info] > git show --textconv HEAD:C/brasTest [13ms]
2024-04-17 20:11:18.954 [info] > git show --textconv :C/tcp_socket.c [640ms]
2024-04-17 20:11:18.957 [info] > git ls-files --stage -- /home/pi/Projet-Android/C/tcp_socket.c [594ms]
2024-04-17 20:11:19.065 [info] > git fetch [1755ms]
2024-04-17 20:11:19.066 [info] From github.com:AlexisBlouin/Projet-Android
   91411f5..4490c7a  android    -> origin/android
   11d957b..6d940c0  brasRobot  -> origin/brasRobot
2024-04-17 20:11:19.288 [info] > git cat-file -s d45374d324e3f8c4c1d007639af2538982cafe91 [282ms]
2024-04-17 20:11:19.593 [info] > git config --get commit.template [310ms]
2024-04-17 20:11:19.694 [info] > git for-each-ref --format=%(refname)%00%(upstream:short)%00%(objectname)%00%(upstream:track)%00%(upstream:remotename)%00%(upstream:remoteref) refs/heads/Raspberry refs/remotes/Raspberry [20ms]
2024-04-17 20:11:19.789 [info] > git status -z -uall [34ms]
2024-04-17 20:11:20.277 [info] > git ls-tree -l HEAD -- /home/pi/Projet-Android/C/brasTest [70ms]
2024-04-17 20:11:20.380 [info] > git ls-files --stage -- /home/pi/Projet-Android/C/tcp_socket.c [116ms]
2024-04-17 20:11:20.457 [info] > git show --textconv HEAD:C/brasTest [98ms]
2024-04-17 20:11:20.482 [info] > git cat-file -s d45374d324e3f8c4c1d007639af2538982cafe91 [30ms]
2024-04-17 20:11:20.583 [info] > git show --textconv :C/tcp_socket.c [21ms]
2024-04-17 20:11:21.498 [info] > git config --get commit.template [33ms]
2024-04-17 20:11:21.690 [info] > git show --textconv :C/bras.c [135ms]
2024-04-17 20:11:21.695 [info] > git ls-files --stage -- /home/pi/Projet-Android/C/bras.c [93ms]
2024-04-17 20:11:21.960 [info] > git for-each-ref --format=%(refname)%00%(upstream:short)%00%(objectname)%00%(upstream:track)%00%(upstream:remotename)%00%(upstream:remoteref) refs/heads/Raspberry refs/remotes/Raspberry [284ms]
2024-04-17 20:11:22.129 [info] > git cat-file -s bcf6d359524502e30885e18b143166e8dc00c6af [384ms]
2024-04-17 20:11:22.294 [info] > git show --textconv :C/bras.h [82ms]
2024-04-17 20:11:22.294 [info] > git status -z -uall [6ms]
2024-04-17 20:11:22.296 [info] > git ls-files --stage -- /home/pi/Projet-Android/C/bras.h [37ms]
2024-04-17 20:11:22.335 [info] > git cat-file -s c300bba441e7da89e533cf1f0c5085a0cc20656f [16ms]
2024-04-17 20:11:23.124 [info] > git show --textconv :C/bras.c [69ms]
2024-04-17 20:11:23.136 [info] > git ls-files --stage -- /home/pi/Projet-Android/C/bras.c [31ms]
2024-04-17 20:11:23.195 [info] > git cat-file -s bcf6d359524502e30885e18b143166e8dc00c6af [11ms]
2024-04-17 20:11:26.728 [info] > git show --textconv :C/bras.h [66ms]
2024-04-17 20:11:26.743 [info] > git ls-files --stage -- /home/pi/Projet-Android/C/bras.h [32ms]
2024-04-17 20:11:26.807 [info] > git cat-file -s c300bba441e7da89e533cf1f0c5085a0cc20656f [16ms]
2024-04-17 20:11:28.458 [info] > git show --textconv :C/tcp_socket.c [76ms]
2024-04-17 20:11:28.483 [info] > git ls-files --stage -- /home/pi/Projet-Android/C/tcp_socket.c [53ms]
2024-04-17 20:11:28.546 [info] > git cat-file -s d45374d324e3f8c4c1d007639af2538982cafe91 [18ms]
2024-04-17 20:11:29.263 [info] > git show --textconv :C/bras.h [69ms]
2024-04-17 20:11:29.277 [info] > git ls-files --stage -- /home/pi/Projet-Android/C/bras.h [28ms]
2024-04-17 20:11:29.349 [info] > git cat-file -s c300bba441e7da89e533cf1f0c5085a0cc20656f [25ms]
2024-04-17 20:11:49.820 [info] > git show --textconv :C/tcp_socket.c [63ms]
2024-04-17 20:11:49.867 [info] > git ls-files --stage -- /home/pi/Projet-Android/C/tcp_socket.c [60ms]
2024-04-17 20:11:49.953 [info] > git cat-file -s d45374d324e3f8c4c1d007639af2538982cafe91 [37ms]
2024-04-17 20:12:25.304 [info] > git config --get commit.template [16ms]
2024-04-17 20:12:25.360 [info] > git for-each-ref --format=%(refname)%00%(upstream:short)%00%(objectname)%00%(upstream:track)%00%(upstream:remotename)%00%(upstream:remoteref) refs/heads/Raspberry refs/remotes/Raspberry [14ms]
2024-04-17 20:12:25.424 [info] > git status -z -uall [12ms]
2024-04-17 20:15:05.263 [info] > git ls-files --stage -- /home/pi/Projet-Android/C/tcp_socket.c [10ms]
2024-04-17 20:15:05.324 [info] > git cat-file -s d45374d324e3f8c4c1d007639af2538982cafe91 [19ms]
2024-04-17 20:15:05.330 [info] > git fetch [1366ms]
2024-04-17 20:15:05.428 [info] > git config --get commit.template [51ms]
2024-04-17 20:15:05.475 [info] > git show --textconv :C/tcp_socket.c [53ms]
2024-04-17 20:15:05.482 [info] > git for-each-ref --format=%(refname)%00%(upstream:short)%00%(objectname)%00%(upstream:track)%00%(upstream:remotename)%00%(upstream:remoteref) refs/heads/Raspberry refs/remotes/Raspberry [12ms]
2024-04-17 20:15:05.538 [info] > git status -z -uall [11ms]
2024-04-17 20:15:06.494 [info] > git ls-files --stage -- /home/pi/Projet-Android/C/tcp_socket.c [10ms]
2024-04-17 20:15:06.544 [info] > git cat-file -s d45374d324e3f8c4c1d007639af2538982cafe91 [9ms]
2024-04-17 20:15:06.608 [info] > git show --textconv :C/tcp_socket.c [11ms]
2024-04-17 20:15:07.533 [info] > git config --get commit.template [49ms]
2024-04-17 20:15:07.538 [info] > git for-each-ref --format=%(refname)%00%(upstream:short)%00%(objectname)%00%(upstream:track)%00%(upstream:remotename)%00%(upstream:remoteref) refs/heads/Raspberry refs/remotes/Raspberry [10ms]
2024-04-17 20:15:07.594 [info] > git status -z -uall [11ms]
2024-04-17 20:16:42.411 [info] > git config --get commit.template [48ms]
2024-04-17 20:16:42.417 [info] > git for-each-ref --format=%(refname)%00%(upstream:short)%00%(objectname)%00%(upstream:track)%00%(upstream:remotename)%00%(upstream:remoteref) refs/heads/Raspberry refs/remotes/Raspberry [10ms]
2024-04-17 20:16:42.474 [info] > git status -z -uall [12ms]
2024-04-17 20:18:06.896 [info] > git ls-files --stage -- /home/pi/Projet-Android/C/tcp_socket.c [9ms]
2024-04-17 20:18:06.953 [info] > git fetch [1359ms]
2024-04-17 20:18:06.954 [info] Warning: Permanently added the ECDSA host key for IP address '140.82.112.4' to the list of known hosts.
2024-04-17 20:18:06.958 [info] > git cat-file -s d45374d324e3f8c4c1d007639af2538982cafe91 [16ms]
2024-04-17 20:18:07.103 [info] > git config --get commit.template [98ms]
2024-04-17 20:18:07.107 [info] > git for-each-ref --format=%(refname)%00%(upstream:short)%00%(objectname)%00%(upstream:track)%00%(upstream:remotename)%00%(upstream:remoteref) refs/heads/Raspberry refs/remotes/Raspberry [56ms]
2024-04-17 20:18:07.160 [info] > git show --textconv :C/tcp_socket.c [59ms]
2024-04-17 20:18:07.170 [info] > git status -z -uall [15ms]
2024-04-17 20:18:08.126 [info] > git ls-files --stage -- /home/pi/Projet-Android/C/tcp_socket.c [10ms]
2024-04-17 20:18:08.179 [info] > git cat-file -s d45374d324e3f8c4c1d007639af2538982cafe91 [8ms]
2024-04-17 20:18:08.233 [info] > git show --textconv :C/tcp_socket.c [5ms]
2024-04-17 20:18:09.169 [info] > git config --get commit.template [49ms]
2024-04-17 20:18:09.174 [info] > git for-each-ref --format=%(refname)%00%(upstream:short)%00%(objectname)%00%(upstream:track)%00%(upstream:remotename)%00%(upstream:remoteref) refs/heads/Raspberry refs/remotes/Raspberry [11ms]
2024-04-17 20:18:09.229 [info] > git status -z -uall [11ms]
2024-04-17 20:19:35.796 [info] > git config --get commit.template [22ms]
2024-04-17 20:19:35.888 [info] > git for-each-ref --format=%(refname)%00%(upstream:short)%00%(objectname)%00%(upstream:track)%00%(upstream:remotename)%00%(upstream:remoteref) refs/heads/Raspberry refs/remotes/Raspberry [46ms]
2024-04-17 20:19:36.016 [info] > git status -z -uall [80ms]
2024-04-17 20:20:09.268 [info] > git show --textconv :C/bras.c [69ms]
2024-04-17 20:20:09.279 [info] > git ls-files --stage -- /home/pi/Projet-Android/C/bras.c [23ms]
2024-04-17 20:20:09.342 [info] > git cat-file -s bcf6d359524502e30885e18b143166e8dc00c6af [15ms]
2024-04-17 20:20:10.131 [info] > git show --textconv :C/bras.h [74ms]
2024-04-17 20:20:10.158 [info] > git ls-files --stage -- /home/pi/Projet-Android/C/bras.h [54ms]
2024-04-17 20:20:10.262 [info] > git cat-file -s c300bba441e7da89e533cf1f0c5085a0cc20656f [55ms]
2024-04-17 20:20:10.895 [info] > git show --textconv :C/bras.c [64ms]
2024-04-17 20:20:10.908 [info] > git ls-files --stage -- /home/pi/Projet-Android/C/bras.c [28ms]
2024-04-17 20:20:10.981 [info] > git cat-file -s bcf6d359524502e30885e18b143166e8dc00c6af [24ms]
2024-04-17 20:20:11.725 [info] > git show --textconv :C/bras.h [60ms]
2024-04-17 20:20:11.745 [info] > git ls-files --stage -- /home/pi/Projet-Android/C/bras.h [30ms]
2024-04-17 20:20:11.810 [info] > git cat-file -s c300bba441e7da89e533cf1f0c5085a0cc20656f [17ms]
2024-04-17 20:20:13.939 [info] > git show --textconv :C/bras.c [68ms]
2024-04-17 20:20:13.949 [info] > git ls-files --stage -- /home/pi/Projet-Android/C/bras.c [29ms]
2024-04-17 20:20:14.018 [info] > git cat-file -s bcf6d359524502e30885e18b143166e8dc00c6af [21ms]
2024-04-17 20:20:15.115 [info] > git show --textconv :C/tcp_socket.c [70ms]
2024-04-17 20:20:15.129 [info] > git ls-files --stage -- /home/pi/Projet-Android/C/tcp_socket.c [28ms]
2024-04-17 20:20:15.225 [info] > git cat-file -s d45374d324e3f8c4c1d007639af2538982cafe91 [48ms]
2024-04-17 20:20:16.735 [info] > git show --textconv :C/bras.h [68ms]
2024-04-17 20:20:16.748 [info] > git ls-files --stage -- /home/pi/Projet-Android/C/bras.h [27ms]
2024-04-17 20:20:16.810 [info] > git cat-file -s c300bba441e7da89e533cf1f0c5085a0cc20656f [15ms]
2024-04-17 20:20:17.232 [info] > git show --textconv :C/bras.c [69ms]
2024-04-17 20:20:17.247 [info] > git ls-files --stage -- /home/pi/Projet-Android/C/bras.c [33ms]
2024-04-17 20:20:17.307 [info] > git cat-file -s bcf6d359524502e30885e18b143166e8dc00c6af [13ms]
2024-04-17 20:20:18.268 [info] > git show --textconv :C/bras.h [72ms]
2024-04-17 20:20:18.284 [info] > git ls-files --stage -- /home/pi/Projet-Android/C/bras.h [34ms]
2024-04-17 20:20:18.358 [info] > git cat-file -s c300bba441e7da89e533cf1f0c5085a0cc20656f [28ms]
2024-04-17 20:20:19.266 [info] > git show --textconv :C/bras.c [79ms]
2024-04-17 20:20:19.278 [info] > git ls-files --stage -- /home/pi/Projet-Android/C/bras.c [30ms]
2024-04-17 20:20:19.341 [info] > git cat-file -s bcf6d359524502e30885e18b143166e8dc00c6af [14ms]
2024-04-17 20:20:20.407 [info] > git show --textconv :C/tcp_socket.c [72ms]
2024-04-17 20:20:20.409 [info] > git ls-files --stage -- /home/pi/Projet-Android/C/tcp_socket.c [28ms]
2024-04-17 20:20:20.508 [info] > git cat-file -s d45374d324e3f8c4c1d007639af2538982cafe91 [52ms]
2024-04-17 20:20:26.092 [info] > git config --get commit.template [55ms]
2024-04-17 20:20:26.096 [info] > git for-each-ref --format=%(refname)%00%(upstream:short)%00%(objectname)%00%(upstream:track)%00%(upstream:remotename)%00%(upstream:remoteref) refs/heads/Raspberry refs/remotes/Raspberry [12ms]
2024-04-17 20:20:26.671 [info] > git status -z -uall [528ms]
2024-04-17 20:21:08.647 [info] > git fetch [1407ms]
2024-04-17 20:21:08.648 [info] Warning: Permanently added the ECDSA host key for IP address '140.82.112.3' to the list of known hosts.
2024-04-17 20:21:08.711 [info] > git ls-files --stage -- /home/pi/Projet-Android/C/tcp_socket.c [82ms]
2024-04-17 20:21:08.771 [info] > git config --get commit.template [62ms]
2024-04-17 20:21:08.779 [info] > git cat-file -s d45374d324e3f8c4c1d007639af2538982cafe91 [21ms]
2024-04-17 20:21:08.897 [info] > git show --textconv :C/tcp_socket.c [13ms]
2024-04-17 20:21:08.898 [info] > git for-each-ref --format=%(refname)%00%(upstream:short)%00%(objectname)%00%(upstream:track)%00%(upstream:remotename)%00%(upstream:remoteref) refs/heads/Raspberry refs/remotes/Raspberry [69ms]
2024-04-17 20:21:08.969 [info] > git status -z -uall [13ms]
2024-04-17 20:21:09.829 [info] > git ls-files --stage -- /home/pi/Projet-Android/C/tcp_socket.c [11ms]
2024-04-17 20:21:09.888 [info] > git cat-file -s d45374d324e3f8c4c1d007639af2538982cafe91 [11ms]
2024-04-17 20:21:09.964 [info] > git show --textconv :C/tcp_socket.c [14ms]
2024-04-17 20:21:10.824 [info] > git config --get commit.template [9ms]
2024-04-17 20:21:10.879 [info] > git for-each-ref --format=%(refname)%00%(upstream:short)%00%(objectname)%00%(upstream:track)%00%(upstream:remotename)%00%(upstream:remoteref) refs/heads/Raspberry refs/remotes/Raspberry [10ms]
2024-04-17 20:21:10.974 [info] > git status -z -uall [48ms]
2024-04-17 20:21:16.788 [info] > git config --get commit.template [23ms]
2024-04-17 20:21:17.301 [info] > git for-each-ref --format=%(refname)%00%(upstream:short)%00%(objectname)%00%(upstream:track)%00%(upstream:remotename)%00%(upstream:remoteref) refs/heads/Raspberry refs/remotes/Raspberry [464ms]
2024-04-17 20:21:17.366 [info] > git status -z -uall [12ms]
2024-04-17 20:21:22.756 [info] > git for-each-ref --format=%(refname)%00%(upstream:short)%00%(objectname)%00%(upstream:track)%00%(upstream:remotename)%00%(upstream:remoteref) refs/heads/Raspberry refs/remotes/Raspberry [14ms]
2024-04-17 20:21:22.758 [info] > git config --get commit.template [68ms]
2024-04-17 20:21:22.822 [info] > git status -z -uall [11ms]
2024-04-17 20:22:30.332 [info] > git config --get commit.template [52ms]
2024-04-17 20:22:30.342 [info] > git for-each-ref --format=%(refname)%00%(upstream:short)%00%(objectname)%00%(upstream:track)%00%(upstream:remotename)%00%(upstream:remoteref) refs/heads/Raspberry refs/remotes/Raspberry [16ms]
2024-04-17 20:22:30.404 [info] > git status -z -uall [12ms]
2024-04-17 20:22:35.523 [info] > git config --get commit.template [51ms]
2024-04-17 20:22:35.529 [info] > git for-each-ref --format=%(refname)%00%(upstream:short)%00%(objectname)%00%(upstream:track)%00%(upstream:remotename)%00%(upstream:remoteref) refs/heads/Raspberry refs/remotes/Raspberry [11ms]
2024-04-17 20:22:35.588 [info] > git status -z -uall [12ms]
2024-04-17 20:22:46.702 [info] > git config --get commit.template [499ms]
2024-04-17 20:22:46.767 [info] > git for-each-ref --format=%(refname)%00%(upstream:short)%00%(objectname)%00%(upstream:track)%00%(upstream:remotename)%00%(upstream:remoteref) refs/heads/Raspberry refs/remotes/Raspberry [14ms]
2024-04-17 20:22:46.835 [info] > git status -z -uall [12ms]
2024-04-17 20:23:02.811 [info] > git config --get commit.template [61ms]
2024-04-17 20:23:02.814 [info] > git for-each-ref --format=%(refname)%00%(upstream:short)%00%(objectname)%00%(upstream:track)%00%(upstream:remotename)%00%(upstream:remoteref) refs/heads/Raspberry refs/remotes/Raspberry [16ms]
2024-04-17 20:23:02.878 [info] > git status -z -uall [13ms]
2024-04-17 20:24:49.193 [info] > git show --textconv :C/bras.c [62ms]
2024-04-17 20:24:49.205 [info] > git ls-files --stage -- /home/pi/Projet-Android/C/bras.c [24ms]
2024-04-17 20:24:49.272 [info] > git cat-file -s bcf6d359524502e30885e18b143166e8dc00c6af [16ms]
2024-04-17 20:24:50.147 [info] > git ls-files --stage -- /home/pi/Projet-Android/C/bras.c [11ms]
2024-04-17 20:24:50.203 [info] > git cat-file -s bcf6d359524502e30885e18b143166e8dc00c6af [10ms]
2024-04-17 20:24:50.270 [info] > git show --textconv :C/bras.c [10ms]
2024-04-17 20:24:50.879 [info] > git fetch [2012ms]
2024-04-17 20:24:50.980 [info] > git config --get commit.template [51ms]
2024-04-17 20:24:50.986 [info] > git for-each-ref --format=%(refname)%00%(upstream:short)%00%(objectname)%00%(upstream:track)%00%(upstream:remotename)%00%(upstream:remoteref) refs/heads/Raspberry refs/remotes/Raspberry [10ms]
2024-04-17 20:24:51.045 [info] > git status -z -uall [11ms]
2024-04-17 20:24:52.039 [info] > git ls-files --stage -- /home/pi/Projet-Android/C/bras.c [82ms]
2024-04-17 20:24:52.097 [info] > git cat-file -s bcf6d359524502e30885e18b143166e8dc00c6af [14ms]
2024-04-17 20:24:52.168 [info] > git show --textconv :C/bras.c [14ms]
2024-04-17 20:24:53.013 [info] > git config --get commit.template [52ms]
2024-04-17 20:24:53.018 [info] > git for-each-ref --format=%(refname)%00%(upstream:short)%00%(objectname)%00%(upstream:track)%00%(upstream:remotename)%00%(upstream:remoteref) refs/heads/Raspberry refs/remotes/Raspberry [11ms]
2024-04-17 20:24:53.077 [info] > git status -z -uall [11ms]
2024-04-17 20:24:59.316 [info] > git show --textconv :C/tcp_socket.c [64ms]
2024-04-17 20:24:59.331 [info] > git ls-files --stage -- /home/pi/Projet-Android/C/tcp_socket.c [29ms]
2024-04-17 20:24:59.559 [info] > git cat-file -s d45374d324e3f8c4c1d007639af2538982cafe91 [180ms]
2024-04-17 20:24:59.728 [info] > git show --textconv :C/bras.h [88ms]
2024-04-17 20:24:59.733 [info] > git ls-files --stage -- /home/pi/Projet-Android/C/bras.h [31ms]
2024-04-17 20:24:59.799 [info] > git cat-file -s c300bba441e7da89e533cf1f0c5085a0cc20656f [16ms]
2024-04-17 20:25:00.170 [info] > git show --textconv :C/bras.c [86ms]
2024-04-17 20:25:00.179 [info] > git ls-files --stage -- /home/pi/Projet-Android/C/bras.c [30ms]
2024-04-17 20:25:00.269 [info] > git cat-file -s bcf6d359524502e30885e18b143166e8dc00c6af [39ms]
2024-04-17 20:25:03.024 [info] > git show --textconv :C/tcp_socket.c [63ms]
2024-04-17 20:25:03.035 [info] > git ls-files --stage -- /home/pi/Projet-Android/C/tcp_socket.c [23ms]
2024-04-17 20:25:03.099 [info] > git cat-file -s d45374d324e3f8c4c1d007639af2538982cafe91 [15ms]
2024-04-17 20:25:07.823 [info] > git config --get commit.template [11ms]
2024-04-17 20:25:07.909 [info] > git for-each-ref --format=%(refname)%00%(upstream:short)%00%(objectname)%00%(upstream:track)%00%(upstream:remotename)%00%(upstream:remoteref) refs/heads/Raspberry refs/remotes/Raspberry [38ms]
2024-04-17 20:25:08.042 [info] > git status -z -uall [82ms]
2024-04-17 20:25:24.086 [info] > git config --get commit.template [8ms]
2024-04-17 20:25:24.142 [info] > git for-each-ref --format=%(refname)%00%(upstream:short)%00%(objectname)%00%(upstream:track)%00%(upstream:remotename)%00%(upstream:remoteref) refs/heads/Raspberry refs/remotes/Raspberry [11ms]
2024-04-17 20:25:24.200 [info] > git status -z -uall [11ms]
2024-04-17 20:26:50.084 [info] > git config --get commit.template [58ms]
2024-04-17 20:26:50.087 [info] > git for-each-ref --format=%(refname)%00%(upstream:short)%00%(objectname)%00%(upstream:track)%00%(upstream:remotename)%00%(upstream:remoteref) refs/heads/Raspberry refs/remotes/Raspberry [11ms]
2024-04-17 20:26:50.149 [info] > git status -z -uall [12ms]
2024-04-17 20:27:52.409 [info] > git ls-files --stage -- /home/pi/Projet-Android/C/tcp_socket.c [10ms]
2024-04-17 20:27:52.463 [info] > git cat-file -s d45374d324e3f8c4c1d007639af2538982cafe91 [10ms]
2024-04-17 20:27:52.535 [info] > git show --textconv :C/tcp_socket.c [11ms]
2024-04-17 20:27:53.197 [info] > git fetch [2085ms]
2024-04-17 20:27:53.307 [info] > git config --get commit.template [56ms]
2024-04-17 20:27:53.311 [info] > git for-each-ref --format=%(refname)%00%(upstream:short)%00%(objectname)%00%(upstream:track)%00%(upstream:remotename)%00%(upstream:remoteref) refs/heads/Raspberry refs/remotes/Raspberry [11ms]
2024-04-17 20:27:53.371 [info] > git status -z -uall [12ms]
2024-04-17 20:27:54.500 [info] > git ls-files --stage -- /home/pi/Projet-Android/C/tcp_socket.c [11ms]
2024-04-17 20:27:54.584 [info] > git cat-file -s d45374d324e3f8c4c1d007639af2538982cafe91 [39ms]
2024-04-17 20:27:54.721 [info] > git show --textconv :C/tcp_socket.c [81ms]
2024-04-17 20:27:55.549 [info] > git config --get commit.template [55ms]
2024-04-17 20:27:55.553 [info] > git for-each-ref --format=%(refname)%00%(upstream:short)%00%(objectname)%00%(upstream:track)%00%(upstream:remotename)%00%(upstream:remoteref) refs/heads/Raspberry refs/remotes/Raspberry [11ms]
2024-04-17 20:27:55.617 [info] > git status -z -uall [11ms]
2024-04-17 20:30:19.446 [info] > git config --get commit.template [34ms]
2024-04-17 20:30:19.548 [info] > git for-each-ref --format=%(refname)%00%(upstream:short)%00%(objectname)%00%(upstream:track)%00%(upstream:remotename)%00%(upstream:remoteref) refs/heads/Raspberry refs/remotes/Raspberry [51ms]
2024-04-17 20:30:19.687 [info] > git status -z -uall [89ms]
2024-04-17 20:30:54.805 [info] > git ls-files --stage -- /home/pi/Projet-Android/C/tcp_socket.c [9ms]
2024-04-17 20:30:54.861 [info] > git cat-file -s d45374d324e3f8c4c1d007639af2538982cafe91 [8ms]
2024-04-17 20:30:54.930 [info] > git show --textconv :C/tcp_socket.c [12ms]
2024-04-17 20:30:55.771 [info] > git fetch [2276ms]
2024-04-17 20:30:55.882 [info] > git for-each-ref --format=%(refname)%00%(upstream:short)%00%(objectname)%00%(upstream:track)%00%(upstream:remotename)%00%(upstream:remoteref) refs/heads/Raspberry refs/remotes/Raspberry [13ms]
2024-04-17 20:30:55.884 [info] > git config --get commit.template [63ms]
2024-04-17 20:30:55.950 [info] > git status -z -uall [16ms]
2024-04-17 20:30:56.880 [info] > git ls-files --stage -- /home/pi/Projet-Android/C/tcp_socket.c [22ms]
2024-04-17 20:30:56.937 [info] > git cat-file -s d45374d324e3f8c4c1d007639af2538982cafe91 [10ms]
2024-04-17 20:30:57.023 [info] > git show --textconv :C/tcp_socket.c [14ms]
2024-04-17 20:30:57.927 [info] > git config --get commit.template [65ms]
2024-04-17 20:30:57.937 [info] > git for-each-ref --format=%(refname)%00%(upstream:short)%00%(objectname)%00%(upstream:track)%00%(upstream:remotename)%00%(upstream:remoteref) refs/heads/Raspberry refs/remotes/Raspberry [16ms]
2024-04-17 20:30:58.008 [info] > git status -z -uall [18ms]
2024-04-17 20:31:43.325 [info] > git show --textconv :C/bras.c [36ms]
2024-04-17 20:31:43.344 [info] > git ls-files --stage -- /home/pi/Projet-Android/C/bras.c [25ms]
2024-04-17 20:31:43.423 [info] > git cat-file -s bcf6d359524502e30885e18b143166e8dc00c6af [49ms]
2024-04-17 20:31:46.509 [info] > git show --textconv :C/tcp_socket.c [69ms]
2024-04-17 20:31:46.519 [info] > git ls-files --stage -- /home/pi/Projet-Android/C/tcp_socket.c [22ms]
2024-04-17 20:31:46.585 [info] > git cat-file -s d45374d324e3f8c4c1d007639af2538982cafe91 [17ms]
2024-04-17 20:32:07.796 [info] > git config --get commit.template [62ms]
2024-04-17 20:32:07.833 [info] > git for-each-ref --format=%(refname)%00%(upstream:short)%00%(objectname)%00%(upstream:track)%00%(upstream:remotename)%00%(upstream:remoteref) refs/heads/Raspberry refs/remotes/Raspberry [42ms]
2024-04-17 20:32:07.980 [info] > git status -z -uall [86ms]
2024-04-17 20:32:57.694 [info] > git config --get commit.template [60ms]
2024-04-17 20:32:57.710 [info] > git for-each-ref --format=%(refname)%00%(upstream:short)%00%(objectname)%00%(upstream:track)%00%(upstream:remotename)%00%(upstream:remoteref) refs/heads/Raspberry refs/remotes/Raspberry [15ms]
2024-04-17 20:32:57.776 [info] > git status -z -uall [13ms]
2024-04-17 20:33:50.183 [info] > git config --get commit.template [13ms]
2024-04-17 20:33:50.249 [info] > git for-each-ref --format=%(refname)%00%(upstream:short)%00%(objectname)%00%(upstream:track)%00%(upstream:remotename)%00%(upstream:remoteref) refs/heads/Raspberry refs/remotes/Raspberry [17ms]
2024-04-17 20:33:50.352 [info] > git status -z -uall [50ms]
2024-04-17 20:33:57.357 [info] > git ls-files --stage -- /home/pi/Projet-Android/C/tcp_socket.c [10ms]
2024-04-17 20:33:57.421 [info] > git cat-file -s d45374d324e3f8c4c1d007639af2538982cafe91 [10ms]
2024-04-17 20:33:57.539 [info] > git show --textconv :C/tcp_socket.c [13ms]
2024-04-17 20:33:58.419 [info] > git fetch [2406ms]
2024-04-17 20:33:58.499 [info] > git config --get commit.template [20ms]
2024-04-17 20:33:58.605 [info] > git for-each-ref --format=%(refname)%00%(upstream:short)%00%(objectname)%00%(upstream:track)%00%(upstream:remotename)%00%(upstream:remoteref) refs/heads/Raspberry refs/remotes/Raspberry [57ms]
2024-04-17 20:33:58.770 [info] > git status -z -uall [106ms]
2024-04-17 20:33:59.582 [info] > git ls-files --stage -- /home/pi/Projet-Android/C/tcp_socket.c [13ms]
2024-04-17 20:33:59.641 [info] > git cat-file -s d45374d324e3f8c4c1d007639af2538982cafe91 [10ms]
2024-04-17 20:33:59.714 [info] > git show --textconv :C/tcp_socket.c [12ms]
2024-04-17 20:34:01.126 [info] > git config --get commit.template [22ms]
2024-04-17 20:34:01.219 [info] > git for-each-ref --format=%(refname)%00%(upstream:short)%00%(objectname)%00%(upstream:track)%00%(upstream:remotename)%00%(upstream:remoteref) refs/heads/Raspberry refs/remotes/Raspberry [42ms]
2024-04-17 20:34:01.366 [info] > git status -z -uall [87ms]
2024-04-17 20:34:06.522 [info] > git config --get commit.template [87ms]
2024-04-17 20:34:06.524 [info] > git for-each-ref --format=%(refname)%00%(upstream:short)%00%(objectname)%00%(upstream:track)%00%(upstream:remotename)%00%(upstream:remoteref) refs/heads/Raspberry refs/remotes/Raspberry [42ms]
2024-04-17 20:34:06.655 [info] > git status -z -uall [81ms]
2024-04-17 20:34:18.206 [info] > git config --get commit.template [55ms]
2024-04-17 20:34:18.212 [info] > git for-each-ref --format=%(refname)%00%(upstream:short)%00%(objectname)%00%(upstream:track)%00%(upstream:remotename)%00%(upstream:remoteref) refs/heads/Raspberry refs/remotes/Raspberry [11ms]
2024-04-17 20:34:18.272 [info] > git status -z -uall [12ms]
2024-04-17 20:36:05.147 [info] > git config --get commit.template [62ms]
2024-04-17 20:36:05.152 [info] > git for-each-ref --format=%(refname)%00%(upstream:short)%00%(objectname)%00%(upstream:track)%00%(upstream:remotename)%00%(upstream:remoteref) refs/heads/Raspberry refs/remotes/Raspberry [11ms]
2024-04-17 20:36:05.209 [info] > git status -z -uall [11ms]
2024-04-17 20:37:04.015 [info] > git ls-files --stage -- /home/pi/Projet-Android/C/tcp_socket.c [9ms]
2024-04-17 20:37:04.065 [info] > git cat-file -s d45374d324e3f8c4c1d007639af2538982cafe91 [9ms]
2024-04-17 20:37:04.132 [info] > git show --textconv :C/tcp_socket.c [11ms]
2024-04-17 20:37:04.775 [info] > git fetch [2034ms]
2024-04-17 20:37:04.871 [info] > git config --get commit.template [50ms]
2024-04-17 20:37:04.876 [info] > git for-each-ref --format=%(refname)%00%(upstream:short)%00%(objectname)%00%(upstream:track)%00%(upstream:remotename)%00%(upstream:remoteref) refs/heads/Raspberry refs/remotes/Raspberry [11ms]
2024-04-17 20:37:04.931 [info] > git status -z -uall [12ms]
2024-04-17 20:37:05.888 [info] > git ls-files --stage -- /home/pi/Projet-Android/C/tcp_socket.c [13ms]
2024-04-17 20:37:05.940 [info] > git cat-file -s d45374d324e3f8c4c1d007639af2538982cafe91 [9ms]
2024-04-17 20:37:06.003 [info] > git show --textconv :C/tcp_socket.c [12ms]
2024-04-17 20:37:06.930 [info] > git config --get commit.template [51ms]
2024-04-17 20:37:06.935 [info] > git for-each-ref --format=%(refname)%00%(upstream:short)%00%(objectname)%00%(upstream:track)%00%(upstream:remotename)%00%(upstream:remoteref) refs/heads/Raspberry refs/remotes/Raspberry [11ms]
2024-04-17 20:37:06.990 [info] > git status -z -uall [12ms]
2024-04-17 20:40:06.642 [info] > git ls-files --stage -- /home/pi/Projet-Android/C/tcp_socket.c [10ms]
2024-04-17 20:40:06.704 [info] > git cat-file -s d45374d324e3f8c4c1d007639af2538982cafe91 [16ms]
2024-04-17 20:40:06.816 [info] > git show --textconv :C/tcp_socket.c [12ms]
2024-04-17 20:40:06.948 [info] > git fetch [1953ms]
2024-04-17 20:40:07.025 [info] > git config --get commit.template [24ms]
2024-04-17 20:40:07.103 [info] > git for-each-ref --format=%(refname)%00%(upstream:short)%00%(objectname)%00%(upstream:track)%00%(upstream:remotename)%00%(upstream:remoteref) refs/heads/Raspberry refs/remotes/Raspberry [32ms]
2024-04-17 20:40:07.174 [info] > git status -z -uall [15ms]
2024-04-17 20:40:08.003 [info] > git ls-files --stage -- /home/pi/Projet-Android/C/tcp_socket.c [11ms]
2024-04-17 20:40:08.058 [info] > git cat-file -s d45374d324e3f8c4c1d007639af2538982cafe91 [10ms]
2024-04-17 20:40:08.132 [info] > git show --textconv :C/tcp_socket.c [12ms]
2024-04-17 20:40:09.183 [info] > git config --get commit.template [13ms]
2024-04-17 20:40:09.250 [info] > git for-each-ref --format=%(refname)%00%(upstream:short)%00%(objectname)%00%(upstream:track)%00%(upstream:remotename)%00%(upstream:remoteref) refs/heads/Raspberry refs/remotes/Raspberry [19ms]
2024-04-17 20:40:09.313 [info] > git status -z -uall [11ms]
2024-04-17 20:41:13.660 [info] > git config --get commit.template [55ms]
2024-04-17 20:41:13.665 [info] > git for-each-ref --format=%(refname)%00%(upstream:short)%00%(objectname)%00%(upstream:track)%00%(upstream:remotename)%00%(upstream:remoteref) refs/heads/Raspberry refs/remotes/Raspberry [12ms]
2024-04-17 20:41:13.725 [info] > git status -z -uall [12ms]
2024-04-17 20:41:34.198 [info] > git config --get commit.template [74ms]
2024-04-17 20:41:34.206 [info] > git for-each-ref --format=%(refname)%00%(upstream:short)%00%(objectname)%00%(upstream:track)%00%(upstream:remotename)%00%(upstream:remoteref) refs/heads/Raspberry refs/remotes/Raspberry [17ms]
2024-04-17 20:41:34.267 [info] > git status -z -uall [12ms]
2024-04-17 20:41:52.364 [info] > git config --get commit.template [57ms]
2024-04-17 20:41:52.371 [info] > git for-each-ref --format=%(refname)%00%(upstream:short)%00%(objectname)%00%(upstream:track)%00%(upstream:remotename)%00%(upstream:remoteref) refs/heads/Raspberry refs/remotes/Raspberry [11ms]
2024-04-17 20:41:52.429 [info] > git status -z -uall [11ms]
2024-04-17 20:42:29.577 [info] > git config --get commit.template [59ms]
2024-04-17 20:42:29.581 [info] > git for-each-ref --format=%(refname)%00%(upstream:short)%00%(objectname)%00%(upstream:track)%00%(upstream:remotename)%00%(upstream:remoteref) refs/heads/Raspberry refs/remotes/Raspberry [11ms]
2024-04-17 20:42:29.646 [info] > git status -z -uall [12ms]
2024-04-17 20:43:08.562 [info] > git ls-files --stage -- /home/pi/Projet-Android/C/tcp_socket.c [10ms]
2024-04-17 20:43:08.626 [info] > git fetch [1386ms]
2024-04-17 20:43:08.630 [info] > git cat-file -s d45374d324e3f8c4c1d007639af2538982cafe91 [19ms]
2024-04-17 20:43:08.742 [info] > git config --get commit.template [62ms]
2024-04-17 20:43:08.798 [info] > git show --textconv :C/tcp_socket.c [59ms]
2024-04-17 20:43:08.807 [info] > git for-each-ref --format=%(refname)%00%(upstream:short)%00%(objectname)%00%(upstream:track)%00%(upstream:remotename)%00%(upstream:remoteref) refs/heads/Raspberry refs/remotes/Raspberry [17ms]
2024-04-17 20:43:08.876 [info] > git status -z -uall [12ms]
2024-04-17 20:43:09.795 [info] > git ls-files --stage -- /home/pi/Projet-Android/C/tcp_socket.c [9ms]
2024-04-17 20:43:09.851 [info] > git cat-file -s d45374d324e3f8c4c1d007639af2538982cafe91 [8ms]
2024-04-17 20:43:09.922 [info] > git show --textconv :C/tcp_socket.c [11ms]
2024-04-17 20:43:10.845 [info] > git config --get commit.template [54ms]
2024-04-17 20:43:11.290 [info] > git for-each-ref --format=%(refname)%00%(upstream:short)%00%(objectname)%00%(upstream:track)%00%(upstream:remotename)%00%(upstream:remoteref) refs/heads/Raspberry refs/remotes/Raspberry [450ms]
2024-04-17 20:43:11.350 [info] > git status -z -uall [11ms]
2024-04-17 20:46:02.379 [info] > git config --get commit.template [57ms]
2024-04-17 20:46:02.384 [info] > git for-each-ref --format=%(refname)%00%(upstream:short)%00%(objectname)%00%(upstream:track)%00%(upstream:remotename)%00%(upstream:remoteref) refs/heads/Raspberry refs/remotes/Raspberry [12ms]
2024-04-17 20:46:02.446 [info] > git status -z -uall [12ms]
2024-04-17 20:46:10.623 [info] > git ls-files --stage -- /home/pi/Projet-Android/C/tcp_socket.c [9ms]
2024-04-17 20:46:10.678 [info] > git cat-file -s d45374d324e3f8c4c1d007639af2538982cafe91 [9ms]
2024-04-17 20:46:10.745 [info] > git show --textconv :C/tcp_socket.c [12ms]
2024-04-17 20:46:11.211 [info] > git fetch [1920ms]
2024-04-17 20:46:11.270 [info] > git config --get commit.template [8ms]
2024-04-17 20:46:11.328 [info] > git for-each-ref --format=%(refname)%00%(upstream:short)%00%(objectname)%00%(upstream:track)%00%(upstream:remotename)%00%(upstream:remoteref) refs/heads/Raspberry refs/remotes/Raspberry [10ms]
2024-04-17 20:46:11.390 [info] > git status -z -uall [14ms]
2024-04-17 20:46:12.348 [info] > git ls-files --stage -- /home/pi/Projet-Android/C/tcp_socket.c [10ms]
2024-04-17 20:46:12.402 [info] > git cat-file -s d45374d324e3f8c4c1d007639af2538982cafe91 [9ms]
2024-04-17 20:46:12.470 [info] > git show --textconv :C/tcp_socket.c [11ms]
2024-04-17 20:46:13.406 [info] > git config --get commit.template [55ms]
2024-04-17 20:46:13.412 [info] > git for-each-ref --format=%(refname)%00%(upstream:short)%00%(objectname)%00%(upstream:track)%00%(upstream:remotename)%00%(upstream:remoteref) refs/heads/Raspberry refs/remotes/Raspberry [11ms]
2024-04-17 20:46:13.473 [info] > git status -z -uall [11ms]
2024-04-17 20:46:24.555 [info] > git config --get commit.template [53ms]
2024-04-17 20:46:24.558 [info] > git for-each-ref --format=%(refname)%00%(upstream:short)%00%(objectname)%00%(upstream:track)%00%(upstream:remotename)%00%(upstream:remoteref) refs/heads/Raspberry refs/remotes/Raspberry [13ms]
2024-04-17 20:46:24.618 [info] > git status -z -uall [11ms]
2024-04-17 20:47:11.855 [info] > git for-each-ref --format=%(refname)%00%(upstream:short)%00%(objectname)%00%(upstream:track)%00%(upstream:remotename)%00%(upstream:remoteref) refs/heads/Raspberry refs/remotes/Raspberry [471ms]
2024-04-17 20:47:11.857 [info] > git config --get commit.template [529ms]
2024-04-17 20:47:11.927 [info] > git status -z -uall [17ms]
2024-04-17 20:48:36.320 [info] > git config --get commit.template [15ms]
2024-04-17 20:48:36.385 [info] > git for-each-ref --format=%(refname)%00%(upstream:short)%00%(objectname)%00%(upstream:track)%00%(upstream:remotename)%00%(upstream:remoteref) refs/heads/Raspberry refs/remotes/Raspberry [19ms]
2024-04-17 20:48:36.454 [info] > git status -z -uall [12ms]
2024-04-17 20:49:12.749 [info] > git ls-files --stage -- /home/pi/Projet-Android/C/tcp_socket.c [9ms]
2024-04-17 20:49:12.805 [info] > git cat-file -s d45374d324e3f8c4c1d007639af2538982cafe91 [9ms]
2024-04-17 20:49:12.875 [info] > git show --textconv :C/tcp_socket.c [11ms]
2024-04-17 20:49:13.383 [info] > git fetch [1931ms]
2024-04-17 20:49:13.383 [info] Warning: Permanently added the ECDSA host key for IP address '140.82.114.3' to the list of known hosts.
2024-04-17 20:49:13.442 [info] > git config --get commit.template [9ms]
2024-04-17 20:49:13.500 [info] > git for-each-ref --format=%(refname)%00%(upstream:short)%00%(objectname)%00%(upstream:track)%00%(upstream:remotename)%00%(upstream:remoteref) refs/heads/Raspberry refs/remotes/Raspberry [11ms]
2024-04-17 20:49:13.560 [info] > git status -z -uall [11ms]
2024-04-17 20:49:14.505 [info] > git ls-files --stage -- /home/pi/Projet-Android/C/tcp_socket.c [9ms]
2024-04-17 20:49:14.560 [info] > git cat-file -s d45374d324e3f8c4c1d007639af2538982cafe91 [9ms]
2024-04-17 20:49:14.630 [info] > git show --textconv :C/tcp_socket.c [6ms]
2024-04-17 20:49:15.554 [info] > git config --get commit.template [52ms]
2024-04-17 20:49:15.559 [info] > git for-each-ref --format=%(refname)%00%(upstream:short)%00%(objectname)%00%(upstream:track)%00%(upstream:remotename)%00%(upstream:remoteref) refs/heads/Raspberry refs/remotes/Raspberry [10ms]
2024-04-17 20:49:15.619 [info] > git status -z -uall [11ms]
2024-04-17 20:50:29.692 [info] > git config --get commit.template [53ms]
2024-04-17 20:50:29.698 [info] > git for-each-ref --format=%(refname)%00%(upstream:short)%00%(objectname)%00%(upstream:track)%00%(upstream:remotename)%00%(upstream:remoteref) refs/heads/Raspberry refs/remotes/Raspberry [11ms]
2024-04-17 20:50:29.762 [info] > git status -z -uall [13ms]
2024-04-17 20:50:56.819 [info] > git config --get commit.template [61ms]
2024-04-17 20:50:56.823 [info] > git for-each-ref --format=%(refname)%00%(upstream:short)%00%(objectname)%00%(upstream:track)%00%(upstream:remotename)%00%(upstream:remoteref) refs/heads/Raspberry refs/remotes/Raspberry [11ms]
2024-04-17 20:50:56.889 [info] > git status -z -uall [13ms]
2024-04-17 20:51:41.065 [info] > git config --get commit.template [72ms]
2024-04-17 20:51:41.073 [info] > git for-each-ref --format=%(refname)%00%(upstream:short)%00%(objectname)%00%(upstream:track)%00%(upstream:remotename)%00%(upstream:remoteref) refs/heads/Raspberry refs/remotes/Raspberry [22ms]
2024-04-17 20:51:41.146 [info] > git status -z -uall [13ms]
2024-04-17 20:52:14.963 [info] > git ls-files --stage -- /home/pi/Projet-Android/C/tcp_socket.c [15ms]
2024-04-17 20:52:15.043 [info] > git cat-file -s d45374d324e3f8c4c1d007639af2538982cafe91 [32ms]
2024-04-17 20:52:15.146 [info] > git show --textconv :C/tcp_socket.c [17ms]
2024-04-17 20:52:15.975 [info] > git fetch [2352ms]
2024-04-17 20:52:16.084 [info] > git config --get commit.template [55ms]
2024-04-17 20:52:16.090 [info] > git for-each-ref --format=%(refname)%00%(upstream:short)%00%(objectname)%00%(upstream:track)%00%(upstream:remotename)%00%(upstream:remoteref) refs/heads/Raspberry refs/remotes/Raspberry [13ms]
2024-04-17 20:52:16.154 [info] > git status -z -uall [13ms]
2024-04-17 20:52:17.616 [info] > git ls-files --stage -- /home/pi/Projet-Android/C/tcp_socket.c [549ms]
2024-04-17 20:52:17.681 [info] > git cat-file -s d45374d324e3f8c4c1d007639af2538982cafe91 [19ms]
2024-04-17 20:52:17.767 [info] > git show --textconv :C/tcp_socket.c [15ms]
2024-04-17 20:52:18.181 [info] > git config --get commit.template [79ms]
2024-04-17 20:52:18.194 [info] > git for-each-ref --format=%(refname)%00%(upstream:short)%00%(objectname)%00%(upstream:track)%00%(upstream:remotename)%00%(upstream:remoteref) refs/heads/Raspberry refs/remotes/Raspberry [32ms]
2024-04-17 20:52:18.282 [info] > git status -z -uall [17ms]
2024-04-17 20:54:18.642 [info] > git config --get commit.template [71ms]
2024-04-17 20:54:18.649 [info] > git for-each-ref --format=%(refname)%00%(upstream:short)%00%(objectname)%00%(upstream:track)%00%(upstream:remotename)%00%(upstream:remoteref) refs/heads/Raspberry refs/remotes/Raspberry [26ms]
2024-04-17 20:54:18.721 [info] > git status -z -uall [13ms]
2024-04-17 20:55:20.567 [info] > git config --get commit.template [63ms]
2024-04-17 20:55:20.572 [info] > git for-each-ref --format=%(refname)%00%(upstream:short)%00%(objectname)%00%(upstream:track)%00%(upstream:remotename)%00%(upstream:remoteref) refs/heads/Raspberry refs/remotes/Raspberry [15ms]
2024-04-17 20:55:20.633 [info] > git status -z -uall [12ms]
2024-04-17 20:55:21.739 [info] > git ls-files --stage -- /home/pi/Projet-Android/C/tcp_socket.c [9ms]
2024-04-17 20:55:21.792 [info] > git cat-file -s d45374d324e3f8c4c1d007639af2538982cafe91 [9ms]
2024-04-17 20:55:21.863 [info] > git show --textconv :C/tcp_socket.c [11ms]
2024-04-17 20:55:22.500 [info] > git fetch [2053ms]
2024-04-17 20:55:22.604 [info] > git config --get commit.template [55ms]
2024-04-17 20:55:22.610 [info] > git for-each-ref --format=%(refname)%00%(upstream:short)%00%(objectname)%00%(upstream:track)%00%(upstream:remotename)%00%(upstream:remoteref) refs/heads/Raspberry refs/remotes/Raspberry [10ms]
2024-04-17 20:55:23.109 [info] > git status -z -uall [452ms]
2024-04-17 20:55:23.610 [info] > git ls-files --stage -- /home/pi/Projet-Android/C/tcp_socket.c [8ms]
2024-04-17 20:55:23.664 [info] > git cat-file -s d45374d324e3f8c4c1d007639af2538982cafe91 [9ms]
2024-04-17 20:55:23.734 [info] > git show --textconv :C/tcp_socket.c [12ms]
2024-04-17 20:55:25.747 [info] > git config --get commit.template [51ms]
2024-04-17 20:55:25.753 [info] > git for-each-ref --format=%(refname)%00%(upstream:short)%00%(objectname)%00%(upstream:track)%00%(upstream:remotename)%00%(upstream:remoteref) refs/heads/Raspberry refs/remotes/Raspberry [11ms]
2024-04-17 20:55:25.811 [info] > git status -z -uall [11ms]
2024-04-17 20:58:24.441 [info] > git ls-files --stage -- /home/pi/Projet-Android/C/tcp_socket.c [10ms]
2024-04-17 20:58:24.496 [info] > git cat-file -s d45374d324e3f8c4c1d007639af2538982cafe91 [9ms]
2024-04-17 20:58:24.566 [info] > git show --textconv :C/tcp_socket.c [13ms]
2024-04-17 20:58:25.007 [info] > git fetch [1836ms]
2024-04-17 20:58:25.110 [info] > git config --get commit.template [53ms]
2024-04-17 20:58:25.117 [info] > git for-each-ref --format=%(refname)%00%(upstream:short)%00%(objectname)%00%(upstream:track)%00%(upstream:remotename)%00%(upstream:remoteref) refs/heads/Raspberry refs/remotes/Raspberry [11ms]
2024-04-17 20:58:25.178 [info] > git status -z -uall [11ms]
2024-04-17 20:58:26.135 [info] > git ls-files --stage -- /home/pi/Projet-Android/C/tcp_socket.c [9ms]
2024-04-17 20:58:26.191 [info] > git cat-file -s d45374d324e3f8c4c1d007639af2538982cafe91 [9ms]
2024-04-17 20:58:26.261 [info] > git show --textconv :C/tcp_socket.c [11ms]
2024-04-17 20:58:27.179 [info] > git config --get commit.template [52ms]
2024-04-17 20:58:27.185 [info] > git for-each-ref --format=%(refname)%00%(upstream:short)%00%(objectname)%00%(upstream:track)%00%(upstream:remotename)%00%(upstream:remoteref) refs/heads/Raspberry refs/remotes/Raspberry [11ms]
2024-04-17 20:58:27.244 [info] > git status -z -uall [11ms]
2024-04-17 21:01:54.003 [info] > git ls-files --stage -- /home/pi/Projet-Android/C/tcp_socket.c [17ms]
2024-04-17 21:01:54.060 [info] > git cat-file -s d45374d324e3f8c4c1d007639af2538982cafe91 [11ms]
2024-04-17 21:01:54.174 [info] > git show --textconv :C/tcp_socket.c [13ms]
2024-04-17 21:01:54.943 [info] > git fetch [2237ms]
2024-04-17 21:01:55.044 [info] > git config --get commit.template [51ms]
2024-04-17 21:01:55.050 [info] > git for-each-ref --format=%(refname)%00%(upstream:short)%00%(objectname)%00%(upstream:track)%00%(upstream:remotename)%00%(upstream:remoteref) refs/heads/Raspberry refs/remotes/Raspberry [11ms]
2024-04-17 21:01:55.116 [info] > git status -z -uall [15ms]
2024-04-17 21:01:56.497 [info] > git ls-files --stage -- /home/pi/Projet-Android/C/tcp_socket.c [458ms]
2024-04-17 21:01:56.552 [info] > git cat-file -s d45374d324e3f8c4c1d007639af2538982cafe91 [10ms]
2024-04-17 21:01:56.649 [info] > git show --textconv :C/tcp_socket.c [12ms]
2024-04-17 21:01:57.054 [info] > git config --get commit.template [10ms]
2024-04-17 21:01:57.111 [info] > git for-each-ref --format=%(refname)%00%(upstream:short)%00%(objectname)%00%(upstream:track)%00%(upstream:remotename)%00%(upstream:remoteref) refs/heads/Raspberry refs/remotes/Raspberry [11ms]
2024-04-17 21:01:57.170 [info] > git status -z -uall [11ms]
2024-04-17 21:04:56.442 [info] > git ls-files --stage -- /home/pi/Projet-Android/C/tcp_socket.c [10ms]
2024-04-17 21:04:56.496 [info] > git cat-file -s d45374d324e3f8c4c1d007639af2538982cafe91 [9ms]
2024-04-17 21:04:56.570 [info] > git show --textconv :C/tcp_socket.c [11ms]
2024-04-17 21:04:57.419 [info] > git fetch [2244ms]
2024-04-17 21:04:57.519 [info] > git config --get commit.template [50ms]
2024-04-17 21:04:57.525 [info] > git for-each-ref --format=%(refname)%00%(upstream:short)%00%(objectname)%00%(upstream:track)%00%(upstream:remotename)%00%(upstream:remoteref) refs/heads/Raspberry refs/remotes/Raspberry [11ms]
2024-04-17 21:04:57.583 [info] > git status -z -uall [11ms]
2024-04-17 21:04:58.532 [info] > git ls-files --stage -- /home/pi/Projet-Android/C/tcp_socket.c [8ms]
2024-04-17 21:04:58.585 [info] > git cat-file -s d45374d324e3f8c4c1d007639af2538982cafe91 [9ms]
2024-04-17 21:04:58.655 [info] > git show --textconv :C/tcp_socket.c [11ms]
2024-04-17 21:04:59.580 [info] > git config --get commit.template [52ms]
2024-04-17 21:04:59.586 [info] > git for-each-ref --format=%(refname)%00%(upstream:short)%00%(objectname)%00%(upstream:track)%00%(upstream:remotename)%00%(upstream:remoteref) refs/heads/Raspberry refs/remotes/Raspberry [10ms]
2024-04-17 21:04:59.645 [info] > git status -z -uall [11ms]
2024-04-17 21:07:58.920 [info] > git ls-files --stage -- /home/pi/Projet-Android/C/tcp_socket.c [8ms]
2024-04-17 21:07:58.977 [info] > git cat-file -s d45374d324e3f8c4c1d007639af2538982cafe91 [9ms]
2024-04-17 21:07:59.044 [info] > git fetch [1400ms]
2024-04-17 21:07:59.098 [info] > git show --textconv :C/tcp_socket.c [64ms]
2024-04-17 21:07:59.106 [info] > git config --get commit.template [10ms]
2024-04-17 21:07:59.163 [info] > git for-each-ref --format=%(refname)%00%(upstream:short)%00%(objectname)%00%(upstream:track)%00%(upstream:remotename)%00%(upstream:remoteref) refs/heads/Raspberry refs/remotes/Raspberry [11ms]
2024-04-17 21:07:59.221 [info] > git status -z -uall [11ms]
2024-04-17 21:08:00.223 [info] > git ls-files --stage -- /home/pi/Projet-Android/C/tcp_socket.c [9ms]
2024-04-17 21:08:00.277 [info] > git cat-file -s d45374d324e3f8c4c1d007639af2538982cafe91 [9ms]
2024-04-17 21:08:00.346 [info] > git show --textconv :C/tcp_socket.c [12ms]
2024-04-17 21:08:01.268 [info] > git config --get commit.template [52ms]
2024-04-17 21:08:01.274 [info] > git for-each-ref --format=%(refname)%00%(upstream:short)%00%(objectname)%00%(upstream:track)%00%(upstream:remotename)%00%(upstream:remoteref) refs/heads/Raspberry refs/remotes/Raspberry [11ms]
2024-04-17 21:08:01.332 [info] > git status -z -uall [11ms]
2024-04-17 21:46:10.089 [info] > git ls-files --stage -- /home/pi/Projet-Android/C/tcp_socket.c [9ms]
2024-04-17 21:46:10.142 [info] > git cat-file -s d45374d324e3f8c4c1d007639af2538982cafe91 [9ms]
2024-04-17 21:46:10.209 [info] > git show --textconv :C/tcp_socket.c [11ms]
2024-04-17 21:46:11.185 [info] > git fetch [2366ms]
2024-04-17 21:46:11.185 [info] From github.com:AlexisBlouin/Projet-Android
   6d940c0..62c9d4a  brasRobot  -> origin/brasRobot
2024-04-17 21:46:11.292 [info] > git config --get commit.template [56ms]
2024-04-17 21:46:11.296 [info] > git for-each-ref --format=%(refname)%00%(upstream:short)%00%(objectname)%00%(upstream:track)%00%(upstream:remotename)%00%(upstream:remoteref) refs/heads/Raspberry refs/remotes/Raspberry [13ms]
2024-04-17 21:46:11.355 [info] > git status -z -uall [11ms]
2024-04-17 21:46:12.338 [info] > git add -A -- /home/pi/Projet-Android/C/tcp_socket /home/pi/Projet-Android/C/tcp_socket.c [21ms]
2024-04-17 21:46:12.516 [info] > git for-each-ref --format=%(refname)%00%(upstream:short)%00%(objectname)%00%(upstream:track)%00%(upstream:remotename)%00%(upstream:remoteref) refs/heads/Raspberry refs/remotes/Raspberry [72ms]
2024-04-17 21:46:12.518 [info] > git config --get commit.template [126ms]
2024-04-17 21:46:12.522 [info] > git ls-files --stage -- /home/pi/Projet-Android/C/tcp_socket.c [10ms]
2024-04-17 21:46:12.624 [info] > git cat-file -s b8fba59ec80565341b1d29289d23b2a42c13a301 [56ms]
2024-04-17 21:46:12.680 [info] > git status -z -uall [60ms]
2024-04-17 21:46:12.696 [info] > git show --textconv :C/tcp_socket.c [17ms]
2024-04-17 21:46:13.637 [info] > git ls-files --stage -- /home/pi/Projet-Android/C/tcp_socket.c [8ms]
2024-04-17 21:46:13.691 [info] > git cat-file -s b8fba59ec80565341b1d29289d23b2a42c13a301 [10ms]
2024-04-17 21:46:13.758 [info] > git show --textconv :C/tcp_socket.c [11ms]
2024-04-17 21:46:15.390 [info] > git ls-files --stage -- /home/pi/Projet-Android/C/tcp_socket.c [13ms]
2024-04-17 21:46:15.463 [info] > git cat-file -s b8fba59ec80565341b1d29289d23b2a42c13a301 [17ms]
2024-04-17 21:46:15.551 [info] > git show --textconv :C/tcp_socket.c [11ms]
2024-04-17 21:46:15.920 [info] > git show --textconv :.git/COMMIT_EDITMSG [52ms]
2024-04-17 21:46:15.931 [info] > git ls-files --stage -- /home/pi/Projet-Android/.git/COMMIT_EDITMSG [16ms]
2024-04-17 21:46:27.078 [info] > git -c user.useConfigOnly=true commit --quiet [13006ms]
2024-04-17 21:46:27.199 [info] > git config --get commit.template [67ms]
2024-04-17 21:46:27.204 [info] > git for-each-ref --format=%(refname)%00%(upstream:short)%00%(objectname)%00%(upstream:track)%00%(upstream:remotename)%00%(upstream:remoteref) refs/heads/Raspberry refs/remotes/Raspberry [20ms]
2024-04-17 21:46:27.282 [info] > git status -z -uall [23ms]
2024-04-17 21:46:27.524 [info] > git merge-base refs/heads/Raspberry refs/remotes/origin/Raspberry [156ms]
2024-04-17 21:46:27.646 [info] > git config --get commit.template [129ms]
2024-04-17 21:46:27.852 [info] > git show --textconv :C/tcp_socket.c [141ms]
2024-04-17 21:46:27.857 [info] > git merge-base refs/heads/Raspberry refs/remotes/origin/Raspberry [222ms]
2024-04-17 21:46:27.912 [info] > git rev-list --count --left-right refs/heads/Raspberry...refs/remotes/origin/Raspberry [335ms]
2024-04-17 21:46:28.039 [info] > git rev-list --count --left-right refs/heads/Raspberry...refs/remotes/origin/Raspberry [128ms]
2024-04-17 21:46:28.046 [info] > git config --get commit.template [199ms]
2024-04-17 21:46:28.047 [info] > git ls-files --stage -- /home/pi/Projet-Android/C/tcp_socket.c [282ms]
2024-04-17 21:46:28.110 [info] > git for-each-ref --format=%(refname)%00%(upstream:short)%00%(objectname)%00%(upstream:track)%00%(upstream:remotename)%00%(upstream:remoteref) refs/heads/Raspberry refs/remotes/Raspberry [83ms]
2024-04-17 21:46:28.112 [info] > git diff --name-status -z --diff-filter=ADMR b0df11c5fb12efd927576ef4d7635dea94708706...refs/remotes/origin/Raspberry [142ms]
2024-04-17 21:46:28.175 [info] > git cat-file -s b8fba59ec80565341b1d29289d23b2a42c13a301 [78ms]
2024-04-17 21:46:28.190 [info] > git for-each-ref --format=%(refname)%00%(upstream:short)%00%(objectname)%00%(upstream:track)%00%(upstream:remotename)%00%(upstream:remoteref) refs/heads/Raspberry refs/remotes/Raspberry [24ms]
2024-04-17 21:46:28.261 [info] > git status -z -uall [11ms]
2024-04-17 21:46:31.116 [info] > git log --oneline --cherry Raspberry...Raspberry@{upstream} -- [11ms]
2024-04-17 21:46:32.457 [info] > git ls-files --stage -- /home/pi/Projet-Android/C/tcp_socket.c [8ms]
2024-04-17 21:46:32.512 [info] > git cat-file -s b8fba59ec80565341b1d29289d23b2a42c13a301 [8ms]
2024-04-17 21:46:32.582 [info] > git show --textconv :C/tcp_socket.c [11ms]
2024-04-17 21:46:32.925 [info] > git pull --tags origin Raspberry [1761ms]
2024-04-17 21:46:32.925 [info] hint: Pulling without specifying how to reconcile divergent branches is
hint: discouraged. You can squelch this message by running one of the following
hint: commands sometime before your next pull:
hint: 
hint:   git config pull.rebase false  # merge (the default strategy)
hint:   git config pull.rebase true   # rebase
hint:   git config pull.ff only       # fast-forward only
hint: 
hint: You can replace "git config" with "git config --global" to set a default
hint: preference for all repositories. You can also pass --rebase, --no-rebase,
hint: or --ff-only on the command line to override the configured default per
hint: invocation.
From github.com:AlexisBlouin/Projet-Android
 * branch            Raspberry  -> FETCH_HEAD
2024-04-17 21:46:34.243 [info] > git ls-files --stage -- /home/pi/Projet-Android/C/tcp_socket.c [10ms]
2024-04-17 21:46:34.307 [info] > git cat-file -s b8fba59ec80565341b1d29289d23b2a42c13a301 [11ms]
2024-04-17 21:46:34.383 [info] > git show --textconv :C/tcp_socket.c [12ms]
2024-04-17 21:46:34.736 [info] > git push origin Raspberry:Raspberry [1767ms]
2024-04-17 21:46:34.737 [info] To github.com:AlexisBlouin/Projet-Android.git
   b0df11c..4f26a48  Raspberry -> Raspberry
2024-04-17 21:46:34.854 [info] > git config --get commit.template [65ms]
2024-04-17 21:46:34.859 [info] > git for-each-ref --format=%(refname)%00%(upstream:short)%00%(objectname)%00%(upstream:track)%00%(upstream:remotename)%00%(upstream:remoteref) refs/heads/Raspberry refs/remotes/Raspberry [17ms]
2024-04-17 21:46:34.922 [info] > git status -z -uall [11ms]
2024-04-17 21:46:35.027 [info] > git merge-base refs/heads/Raspberry refs/remotes/origin/Raspberry [46ms]
2024-04-17 21:46:35.144 [info] > git rev-list --count --left-right refs/heads/Raspberry...refs/remotes/origin/Raspberry [63ms]
2024-04-17 21:46:35.198 [info] > git merge-base refs/heads/Raspberry refs/remotes/origin/Raspberry [63ms]
2024-04-17 21:46:35.258 [info] > git diff --name-status -z --diff-filter=ADMR 4f26a4853b200f508c6a7bd37cfedaeabd3f7fce...refs/remotes/origin/Raspberry [65ms]
2024-04-17 21:46:35.264 [info] > git rev-list --count --left-right refs/heads/Raspberry...refs/remotes/origin/Raspberry [14ms]
2024-04-17 21:46:36.128 [info] > git config --get commit.template [52ms]
2024-04-17 21:46:36.135 [info] > git for-each-ref --format=%(refname)%00%(upstream:short)%00%(objectname)%00%(upstream:track)%00%(upstream:remotename)%00%(upstream:remoteref) refs/heads/Raspberry refs/remotes/Raspberry [11ms]
2024-04-17 21:46:36.247 [info] > git status -z -uall [65ms]
2024-04-17 21:46:36.262 [info] > git ls-files --stage -- /home/pi/Projet-Android/C/tcp_socket.c [19ms]
2024-04-17 21:46:36.759 [info] > git cat-file -s b8fba59ec80565341b1d29289d23b2a42c13a301 [449ms]
2024-04-17 21:46:36.828 [info] > git show --textconv :C/tcp_socket.c [12ms]
